Log file open, 01/29/21 18:22:16
LogWindows: Failed to load 'aqProf.dll' (GetLastError=126)
LogWindows: File 'aqProf.dll' does not exist
LogWindows: Failed to load 'VtuneApi.dll' (GetLastError=126)
LogWindows: File 'VtuneApi.dll' does not exist
LogWindows: Failed to load 'VtuneApi32e.dll' (GetLastError=126)
LogWindows: File 'VtuneApi32e.dll' does not exist
LogConsoleResponse: Display: Failed to find resolution value strings in scalability ini. Falling back to default.
LogInit: Display: Running engine for game: GlobalGameJam2021
LogPlatformFile: Not using cached read wrapper
LogTaskGraph: Started task graph with 5 named threads and 23 total threads with 3 sets of task threads.
LogStats: Stats thread started at 0.153268
LogD3D11RHI: Loaded GFSDK_Aftermath_Lib.x64.dll
LogICUInternationalization: ICU TimeZone Detection - Raw Offset: +0:00, Platform Override: ''
LogPluginManager: Mounting plugin Paper2D
LogPluginManager: Mounting plugin AISupport
LogPluginManager: Mounting plugin LightPropagationVolume
LogPluginManager: Mounting plugin ActorLayerUtilities
LogPluginManager: Mounting plugin AnimationSharing
LogPluginManager: Mounting plugin CLionSourceCodeAccess
LogPluginManager: Mounting plugin CodeLiteSourceCodeAccess
LogPluginManager: Mounting plugin GitSourceControl
LogPluginManager: Mounting plugin KDevelopSourceCodeAccess
LogPluginManager: Mounting plugin NullSourceCodeAccess
LogPluginManager: Mounting plugin PerforceSourceControl
LogPluginManager: Mounting plugin PlasticSourceControl
LogPluginManager: Mounting plugin SubversionSourceControl
LogPluginManager: Mounting plugin UObjectPlugin
LogPluginManager: Mounting plugin VisualStudioCodeSourceCodeAccess
LogPluginManager: Mounting plugin VisualStudioSourceCodeAccess
LogPluginManager: Mounting plugin XCodeSourceCodeAccess
LogPluginManager: Mounting plugin AssetManagerEditor
LogPluginManager: Mounting plugin CryptoKeys
LogPluginManager: Mounting plugin CurveEditorTools
LogPluginManager: Mounting plugin DataValidation
LogPluginManager: Mounting plugin FacialAnimation
LogPluginManager: Mounting plugin GameplayTagsEditor
LogPluginManager: Mounting plugin MacGraphicsSwitching
LogPluginManager: Mounting plugin MaterialAnalyzer
LogPluginManager: Mounting plugin MobileLauncherProfileWizard
LogPluginManager: Mounting plugin PluginBrowser
LogPluginManager: Mounting plugin SpeedTreeImporter
LogPluginManager: Mounting plugin DatasmithContent
LogPluginManager: Mounting plugin VariantManagerContent
LogPluginManager: Mounting plugin AlembicImporter
LogPluginManager: Mounting plugin AutomationUtils
LogPluginManager: Mounting plugin BackChannel
LogPluginManager: Mounting plugin CharacterAI
LogPluginManager: Mounting plugin GeometryCache
LogPluginManager: Mounting plugin PlatformCrypto
LogPluginManager: Mounting plugin ProxyLODPlugin
LogPluginManager: Mounting plugin SkeletalReduction
LogPluginManager: Mounting plugin MagicLeap
LogPluginManager: Mounting plugin MagicLeapMedia
LogPluginManager: Mounting plugin MLSDK
LogPluginManager: Mounting plugin AndroidMedia
LogPluginManager: Mounting plugin AvfMedia
LogPluginManager: Mounting plugin ImgMedia
LogPluginManager: Mounting plugin MediaCompositing
LogPluginManager: Mounting plugin MediaPlayerEditor
LogPluginManager: Mounting plugin WebMMedia
LogPluginManager: Mounting plugin WmfMedia
LogPluginManager: Mounting plugin TcpMessaging
LogPluginManager: Mounting plugin UdpMessaging
LogPluginManager: Mounting plugin ActorSequence
LogPluginManager: Mounting plugin LevelSequenceEditor
LogPluginManager: Mounting plugin MatineeToLevelSequence
LogPluginManager: Mounting plugin NetcodeUnitTest
LogPluginManager: Mounting plugin NUTUnrealEngine4
LogPluginManager: Mounting plugin OnlineSubsystemGooglePlay
LogPluginManager: Mounting plugin OnlineSubsystemIOS
LogPluginManager: Mounting plugin OnlineSubsystem
LogPluginManager: Mounting plugin OnlineSubsystemNull
LogPluginManager: Mounting plugin OnlineSubsystemUtils
LogPluginManager: Mounting plugin LauncherChunkInstaller
LogPluginManager: Mounting plugin AndroidDeviceProfileSelector
LogPluginManager: Mounting plugin AndroidMoviePlayer
LogPluginManager: Mounting plugin AndroidPermission
LogPluginManager: Mounting plugin AppleImageUtils
LogPluginManager: Mounting plugin AppleMoviePlayer
LogPluginManager: Mounting plugin ArchVisCharacter
LogPluginManager: Mounting plugin AssetTags
LogPluginManager: Mounting plugin AudioCapture
LogPluginManager: Mounting plugin CableComponent
LogPluginManager: Mounting plugin CustomMeshComponent
LogPluginManager: Mounting plugin EditableMesh
LogPluginManager: Mounting plugin ExampleDeviceProfileSelector
LogPluginManager: Mounting plugin GoogleCloudMessaging
LogPluginManager: Mounting plugin IOSDeviceProfileSelector
LogPluginManager: Mounting plugin LinuxDeviceProfileSelector
LogPluginManager: Mounting plugin LocationServicesBPLibrary
LogPluginManager: Mounting plugin MobilePatchingUtils
LogPluginManager: Mounting plugin OculusVR
LogPluginManager: Mounting plugin PhysXVehicles
LogPluginManager: Mounting plugin PostSplashScreen
LogPluginManager: Mounting plugin ProceduralMeshComponent
LogPluginManager: Mounting plugin RuntimePhysXCooking
LogPluginManager: Mounting plugin SignificanceManager
LogPluginManager: Mounting plugin SteamVR
LogPluginManager: Mounting plugin WebMMoviePlayer
LogPluginManager: Mounting plugin WindowsMoviePlayer
LogPluginManager: Mounting plugin ScreenshotTools
LogInit: Using libcurl 7.55.1-DEV
LogInit:  - built for x86_64-pc-win32
LogInit:  - supports SSL with OpenSSL/1.1.1
LogInit:  - supports HTTP deflate (compression) using libz 1.2.8
LogInit:  - other features:
LogInit:      CURL_VERSION_SSL
LogInit:      CURL_VERSION_LIBZ
LogInit:      CURL_VERSION_IPV6
LogInit:      CURL_VERSION_ASYNCHDNS
LogInit:      CURL_VERSION_LARGEFILE
LogInit:      CURL_VERSION_IDN
LogInit:  CurlRequestOptions (configurable via config and command line):
LogInit:  - bVerifyPeer = true  - Libcurl will verify peer certificate
LogInit:  - bUseHttpProxy = false  - Libcurl will NOT use HTTP proxy
LogInit:  - bDontReuseConnections = false  - Libcurl will reuse connections
LogInit:  - MaxHostConnections = 16  - Libcurl will limit the number of connections to a host
LogInit:  - LocalHostAddr = Default
LogInit:  - BufferSize = 65536
LogOnline: OSS: Creating online subsystem instance for: NULL
LogInit: WinSock: version 1.1 (2.2), MaxSocks=32767, MaxUdp=65467
LogOnline: OSS: TryLoadSubsystemAndSetDefault: Loaded subsystem for module [NULL]
LogInit: Build: ++UE4+Release-4.24-CL-11590370
LogInit: Engine Version: 4.24.3-11590370+++UE4+Release-4.24
LogInit: Compatible Engine Version: 4.24.0-10570792+++UE4+Release-4.24
LogInit: Net CL: 10570792
LogInit: OS: Windows 7 (Service Pack 1), CPU: AMD FX(tm)-8320 Eight-Core Processor           , GPU: NVIDIA GeForce GTX 750 Ti
LogInit: Compiled (64-bit): Feb 24 2020 15:39:18
LogInit: Compiled with Visual C++: 19.16.27032.01
LogInit: Build Configuration: Development
LogInit: Branch Name: ++UE4+Release-4.24
LogInit: Command Line: 
LogInit: Base Directory: C:/Program Files/Epic Games/UE_4.24/Engine/Binaries/Win64/
LogInit: Installed Engine Build: 1
LogDevObjectVersion: Number of dev versions registered: 25
LogDevObjectVersion:   Dev-Blueprints (B0D832E4-1F89-4F0D-ACCF-7EB736FD4AA2): 10
LogDevObjectVersion:   Dev-Build (E1C64328-A22C-4D53-A36C-8E866417BD8C): 0
LogDevObjectVersion:   Dev-Core (375EC13C-06E4-48FB-B500-84F0262A717E): 3
LogDevObjectVersion:   Dev-Editor (E4B068ED-F494-42E9-A231-DA0B2E46BB41): 37
LogDevObjectVersion:   Dev-Framework (CFFC743F-43B0-4480-9391-14DF171D2073): 36
LogDevObjectVersion:   Dev-Mobile (B02B49B5-BB20-44E9-A304-32B752E40360): 2
LogDevObjectVersion:   Dev-Networking (A4E4105C-59A1-49B5-A7C5-40C4547EDFEE): 0
LogDevObjectVersion:   Dev-Online (39C831C9-5AE6-47DC-9A44-9C173E1C8E7C): 0
LogDevObjectVersion:   Dev-Physics (78F01B33-EBEA-4F98-B9B4-84EACCB95AA2): 2
LogDevObjectVersion:   Dev-Platform (6631380F-2D4D-43E0-8009-CF276956A95A): 0
LogDevObjectVersion:   Dev-Rendering (12F88B9F-8875-4AFC-A67C-D90C383ABD29): 36
LogDevObjectVersion:   Dev-Sequencer (7B5AE74C-D270-4C10-A958-57980B212A5A): 11
LogDevObjectVersion:   Dev-VR (D7296918-1DD6-4BDD-9DE2-64A83CC13884): 2
LogDevObjectVersion:   Dev-LoadTimes (C2A15278-BFE7-4AFE-6C17-90FF531DF755): 1
LogDevObjectVersion:   Private-Geometry (6EACA3D4-40EC-4CC1-B786-8BED09428FC5): 3
LogDevObjectVersion:   Dev-AnimPhys (29E575DD-E0A3-4627-9D10-D276232CDCEA): 17
LogDevObjectVersion:   Dev-Anim (AF43A65D-7FD3-4947-9873-3E8ED9C1BB05): 2
LogDevObjectVersion:   Dev-ReflectionCapture (6B266CEC-1EC7-4B8F-A30B-E4D90942FC07): 1
LogDevObjectVersion:   Dev-Automation (0DF73D61-A23F-47EA-B727-89E90C41499A): 1
LogDevObjectVersion:   FortniteMain (601D1886-AC64-4F84-AA16-D3DE0DEAC7D6): 31
LogDevObjectVersion:   Dev-Enterprise (9DFFBCD6-494F-0158-E221-12823C92A888): 8
LogDevObjectVersion:   Dev-Niagara (F2AED0AC-9AFE-416F-8664-AA7FFA26D6FC): 1
LogDevObjectVersion:   Dev-Destruction (174F1F0B-B4C6-45A5-B13F-2EE8D0FB917D): 9
LogDevObjectVersion:   Dev-Physics-Ext (35F94A83-E258-406C-A318-09F59610247C): 8
LogDevObjectVersion:   Dev-CineCamera (B2E18506-4273-CFC2-A54E-F4BB758BBA07): 1
LogInit: Presizing for max 25165824 objects, including 0 objects not considered by GC, pre-allocating 0 bytes for permanent pool.
LogInit: Object subsystem initialized
LogConfig: Setting CVar [[con.DebugEarlyDefault:1]]
LogConfig: Setting CVar [[r.setres:1280x720]]
[2021.01.29-18.22.16:523][  0]LogConfig: Setting CVar [[r.VSync:0]]
[2021.01.29-18.22.16:523][  0]LogConfig: Setting CVar [[r.RHICmdBypass:0]]
[2021.01.29-18.22.16:523][  0]LogConfig: Applying CVar settings from Section [/Script/Engine.RendererSettings] File [C:/Users/User/Documents/Unreal Projects/GlobalGameJam2021/GlobalGameJam2021/Saved/Config/Windows/Engine.ini]
[2021.01.29-18.22.16:523][  0]LogConfig: Setting CVar [[r.GPUCrashDebugging:0]]
[2021.01.29-18.22.16:523][  0]LogConfig: Applying CVar settings from Section [/Script/Engine.RendererOverrideSettings] File [C:/Users/User/Documents/Unreal Projects/GlobalGameJam2021/GlobalGameJam2021/Saved/Config/Windows/Engine.ini]
[2021.01.29-18.22.16:523][  0]LogConfig: Applying CVar settings from Section [/Script/Engine.StreamingSettings] File [C:/Users/User/Documents/Unreal Projects/GlobalGameJam2021/GlobalGameJam2021/Saved/Config/Windows/Engine.ini]
[2021.01.29-18.22.16:523][  0]LogConfig: Setting CVar [[s.MinBulkDataSizeForAsyncLoading:131072]]
[2021.01.29-18.22.16:523][  0]LogConfig: Setting CVar [[s.AsyncLoadingThreadEnabled:0]]
[2021.01.29-18.22.16:523][  0]LogConfig: Setting CVar [[s.EventDrivenLoaderEnabled:1]]
[2021.01.29-18.22.16:523][  0]LogConfig: Setting CVar [[s.WarnIfTimeLimitExceeded:0]]
[2021.01.29-18.22.16:523][  0]LogConfig: Setting CVar [[s.TimeLimitExceededMultiplier:1.5]]
[2021.01.29-18.22.16:523][  0]LogConfig: Setting CVar [[s.TimeLimitExceededMinTime:0.005]]
[2021.01.29-18.22.16:523][  0]LogConfig: Setting CVar [[s.UseBackgroundLevelStreaming:1]]
[2021.01.29-18.22.16:523][  0]LogConfig: Setting CVar [[s.PriorityAsyncLoadingExtraTime:15.0]]
[2021.01.29-18.22.16:523][  0]LogConfig: Setting CVar [[s.LevelStreamingActorsUpdateTimeLimit:5.0]]
[2021.01.29-18.22.16:523][  0]LogConfig: Setting CVar [[s.PriorityLevelStreamingActorsUpdateExtraTime:5.0]]
[2021.01.29-18.22.16:523][  0]LogConfig: Setting CVar [[s.LevelStreamingComponentsRegistrationGranularity:10]]
[2021.01.29-18.22.16:523][  0]LogConfig: Setting CVar [[s.UnregisterComponentsTimeLimit:1.0]]
[2021.01.29-18.22.16:523][  0]LogConfig: Setting CVar [[s.LevelStreamingComponentsUnregistrationGranularity:5]]
[2021.01.29-18.22.16:523][  0]LogConfig: Setting CVar [[s.FlushStreamingOnExit:1]]
[2021.01.29-18.22.16:524][  0]LogConfig: Applying CVar settings from Section [/Script/Engine.GarbageCollectionSettings] File [C:/Users/User/Documents/Unreal Projects/GlobalGameJam2021/GlobalGameJam2021/Saved/Config/Windows/Engine.ini]
[2021.01.29-18.22.16:524][  0]LogConfig: Setting CVar [[gc.MaxObjectsNotConsideredByGC:1]]
[2021.01.29-18.22.16:524][  0]LogConfig: Setting CVar [[gc.SizeOfPermanentObjectPool:0]]
[2021.01.29-18.22.16:524][  0]LogConfig: Setting CVar [[gc.FlushStreamingOnGC:0]]
[2021.01.29-18.22.16:524][  0]LogConfig: Setting CVar [[gc.NumRetriesBeforeForcingGC:10]]
[2021.01.29-18.22.16:524][  0]LogConfig: Setting CVar [[gc.AllowParallelGC:1]]
[2021.01.29-18.22.16:524][  0]LogConfig: Setting CVar [[gc.TimeBetweenPurgingPendingKillObjects:61.1]]
[2021.01.29-18.22.16:524][  0]LogConfig: Setting CVar [[gc.MaxObjectsInEditor:25165824]]
[2021.01.29-18.22.16:524][  0]LogConfig: Setting CVar [[gc.IncrementalBeginDestroyEnabled:1]]
[2021.01.29-18.22.16:524][  0]LogConfig: Setting CVar [[gc.CreateGCClusters:1]]
[2021.01.29-18.22.16:524][  0]LogConfig: Setting CVar [[gc.MinGCClusterSize:5]]
[2021.01.29-18.22.16:524][  0]LogConfig: Setting CVar [[gc.ActorClusteringEnabled:0]]
[2021.01.29-18.22.16:524][  0]LogConfig: Setting CVar [[gc.BlueprintClusteringEnabled:0]]
[2021.01.29-18.22.16:524][  0]LogConfig: Setting CVar [[gc.UseDisregardForGCOnDedicatedServers:0]]
[2021.01.29-18.22.16:524][  0]LogConfig: Applying CVar settings from Section [/Script/Engine.NetworkSettings] File [C:/Users/User/Documents/Unreal Projects/GlobalGameJam2021/GlobalGameJam2021/Saved/Config/Windows/Engine.ini]
[2021.01.29-18.22.16:524][  0]LogConfig: Applying CVar settings from Section [/Script/UnrealEd.CookerSettings] File [C:/Users/User/Documents/Unreal Projects/GlobalGameJam2021/GlobalGameJam2021/Saved/Config/Windows/Engine.ini]
[2021.01.29-18.22.16:531][  0]LogConfig: Applying CVar settings from Section [ViewDistanceQuality@3] File [C:/Users/User/Documents/Unreal Projects/GlobalGameJam2021/GlobalGameJam2021/Saved/Config/Windows/Scalability.ini]
[2021.01.29-18.22.16:532][  0]LogConfig: Setting CVar [[r.SkeletalMeshLODBias:0]]
[2021.01.29-18.22.16:532][  0]LogConfig: Setting CVar [[r.ViewDistanceScale:1.0]]
[2021.01.29-18.22.16:532][  0]LogConfig: Applying CVar settings from Section [AntiAliasingQuality@3] File [C:/Users/User/Documents/Unreal Projects/GlobalGameJam2021/GlobalGameJam2021/Saved/Config/Windows/Scalability.ini]
[2021.01.29-18.22.16:532][  0]LogConfig: Setting CVar [[r.PostProcessAAQuality:4]]
[2021.01.29-18.22.16:532][  0]LogConfig: Applying CVar settings from Section [ShadowQuality@3] File [C:/Users/User/Documents/Unreal Projects/GlobalGameJam2021/GlobalGameJam2021/Saved/Config/Windows/Scalability.ini]
[2021.01.29-18.22.16:532][  0]LogConfig: Setting CVar [[r.LightFunctionQuality:1]]
[2021.01.29-18.22.16:532][  0]LogConfig: Setting CVar [[r.ShadowQuality:5]]
[2021.01.29-18.22.16:532][  0]LogConfig: Setting CVar [[r.Shadow.CSM.MaxCascades:10]]
[2021.01.29-18.22.16:532][  0]LogConfig: Setting CVar [[r.Shadow.MaxResolution:2048]]
[2021.01.29-18.22.16:532][  0]LogConfig: Setting CVar [[r.Shadow.MaxCSMResolution:2048]]
[2021.01.29-18.22.16:532][  0]LogConfig: Setting CVar [[r.Shadow.RadiusThreshold:0.01]]
[2021.01.29-18.22.16:532][  0]LogConfig: Setting CVar [[r.Shadow.DistanceScale:1.0]]
[2021.01.29-18.22.16:532][  0]LogConfig: Setting CVar [[r.Shadow.CSM.TransitionScale:1.0]]
[2021.01.29-18.22.16:532][  0]LogConfig: Setting CVar [[r.Shadow.PreShadowResolutionFactor:1.0]]
[2021.01.29-18.22.16:532][  0]LogConfig: Setting CVar [[r.DistanceFieldShadowing:1]]
[2021.01.29-18.22.16:532][  0]LogConfig: Setting CVar [[r.DistanceFieldAO:1]]
[2021.01.29-18.22.16:532][  0]LogConfig: Setting CVar [[r.AOQuality:2]]
[2021.01.29-18.22.16:532][  0]LogConfig: Setting CVar [[r.VolumetricFog:1]]
[2021.01.29-18.22.16:532][  0]LogConfig: Setting CVar [[r.VolumetricFog.GridPixelSize:8]]
[2021.01.29-18.22.16:532][  0]LogConfig: Setting CVar [[r.VolumetricFog.GridSizeZ:128]]
[2021.01.29-18.22.16:533][  0]LogConfig: Setting CVar [[r.VolumetricFog.HistoryMissSupersampleCount:4]]
[2021.01.29-18.22.16:533][  0]LogConfig: Setting CVar [[r.LightMaxDrawDistanceScale:1]]
[2021.01.29-18.22.16:533][  0]LogConfig: Setting CVar [[r.CapsuleShadows:1]]
[2021.01.29-18.22.16:533][  0]LogConfig: Applying CVar settings from Section [PostProcessQuality@3] File [C:/Users/User/Documents/Unreal Projects/GlobalGameJam2021/GlobalGameJam2021/Saved/Config/Windows/Scalability.ini]
[2021.01.29-18.22.16:533][  0]LogConfig: Setting CVar [[r.MotionBlurQuality:4]]
[2021.01.29-18.22.16:533][  0]LogConfig: Setting CVar [[r.AmbientOcclusionMipLevelFactor:0.4]]
[2021.01.29-18.22.16:533][  0]LogConfig: Setting CVar [[r.AmbientOcclusionMaxQuality:100]]
[2021.01.29-18.22.16:533][  0]LogConfig: Setting CVar [[r.AmbientOcclusionLevels:-1]]
[2021.01.29-18.22.16:533][  0]LogConfig: Setting CVar [[r.AmbientOcclusionRadiusScale:1.0]]
[2021.01.29-18.22.16:533][  0]LogConfig: Setting CVar [[r.DepthOfFieldQuality:2]]
[2021.01.29-18.22.16:533][  0]LogConfig: Setting CVar [[r.RenderTargetPoolMin:400]]
[2021.01.29-18.22.16:533][  0]LogConfig: Setting CVar [[r.LensFlareQuality:2]]
[2021.01.29-18.22.16:533][  0]LogConfig: Setting CVar [[r.SceneColorFringeQuality:1]]
[2021.01.29-18.22.16:533][  0]LogConfig: Setting CVar [[r.EyeAdaptationQuality:2]]
[2021.01.29-18.22.16:533][  0]LogConfig: Setting CVar [[r.BloomQuality:5]]
[2021.01.29-18.22.16:533][  0]LogConfig: Setting CVar [[r.FastBlurThreshold:100]]
[2021.01.29-18.22.16:533][  0]LogConfig: Setting CVar [[r.Upscale.Quality:3]]
[2021.01.29-18.22.16:533][  0]LogConfig: Setting CVar [[r.Tonemapper.GrainQuantization:1]]
[2021.01.29-18.22.16:533][  0]LogConfig: Setting CVar [[r.LightShaftQuality:1]]
[2021.01.29-18.22.16:533][  0]LogConfig: Setting CVar [[r.Filter.SizeScale:1]]
[2021.01.29-18.22.16:533][  0]LogConfig: Setting CVar [[r.Tonemapper.Quality:5]]
[2021.01.29-18.22.16:534][  0]LogConfig: Setting CVar [[r.DOF.Gather.AccumulatorQuality:1        ; higher gathering accumulator quality]]
[2021.01.29-18.22.16:534][  0]LogConfig: Setting CVar [[r.DOF.Gather.PostfilterMethod:1          ; Median3x3 postfilering method]]
[2021.01.29-18.22.16:534][  0]LogConfig: Setting CVar [[r.DOF.Gather.EnableBokehSettings:0       ; no bokeh simulation when gathering]]
[2021.01.29-18.22.16:534][  0]LogConfig: Setting CVar [[r.DOF.Gather.RingCount:4                 ; medium number of samples when gathering]]
[2021.01.29-18.22.16:534][  0]LogConfig: Setting CVar [[r.DOF.Scatter.ForegroundCompositing:1    ; additive foreground scattering]]
[2021.01.29-18.22.16:534][  0]LogConfig: Setting CVar [[r.DOF.Scatter.BackgroundCompositing:2    ; additive background scattering]]
[2021.01.29-18.22.16:534][  0]LogConfig: Setting CVar [[r.DOF.Scatter.EnableBokehSettings:1      ; bokeh simulation when scattering]]
[2021.01.29-18.22.16:534][  0]LogConfig: Setting CVar [[r.DOF.Scatter.MaxSpriteRatio:0.1         ; only a maximum of 10% of scattered bokeh]]
[2021.01.29-18.22.16:534][  0]LogConfig: Setting CVar [[r.DOF.Recombine.Quality:1                ; cheap slight out of focus]]
[2021.01.29-18.22.16:534][  0]LogConfig: Setting CVar [[r.DOF.Recombine.EnableBokehSettings:0    ; no bokeh simulation on slight out of focus]]
[2021.01.29-18.22.16:534][  0]LogConfig: Setting CVar [[r.DOF.TemporalAAQuality:1                ; more stable temporal accumulation]]
[2021.01.29-18.22.16:534][  0]LogConfig: Setting CVar [[r.DOF.Kernel.MaxForegroundRadius:0.025]]
[2021.01.29-18.22.16:534][  0]LogConfig: Setting CVar [[r.DOF.Kernel.MaxBackgroundRadius:0.025]]
[2021.01.29-18.22.16:534][  0]LogConfig: Applying CVar settings from Section [TextureQuality@3] File [C:/Users/User/Documents/Unreal Projects/GlobalGameJam2021/GlobalGameJam2021/Saved/Config/Windows/Scalability.ini]
[2021.01.29-18.22.16:534][  0]LogConfig: Setting CVar [[r.Streaming.MipBias:0]]
[2021.01.29-18.22.16:534][  0]LogConfig: Setting CVar [[r.Streaming.AmortizeCPUToGPUCopy:0]]
[2021.01.29-18.22.16:534][  0]LogConfig: Setting CVar [[r.Streaming.MaxNumTexturesToStreamPerFrame:0]]
[2021.01.29-18.22.16:534][  0]LogConfig: Setting CVar [[r.Streaming.Boost:1]]
[2021.01.29-18.22.16:534][  0]LogConfig: Setting CVar [[r.MaxAnisotropy:8]]
[2021.01.29-18.22.16:534][  0]LogConfig: Setting CVar [[r.VT.MaxAnisotropy:8]]
[2021.01.29-18.22.16:534][  0]LogConfig: Setting CVar [[r.Streaming.LimitPoolSizeToVRAM:0]]
[2021.01.29-18.22.16:535][  0]LogConfig: Setting CVar [[r.Streaming.PoolSize:1000]]
[2021.01.29-18.22.16:535][  0]LogConfig: Setting CVar [[r.Streaming.MaxEffectiveScreenSize:0]]
[2021.01.29-18.22.16:535][  0]LogConfig: Applying CVar settings from Section [EffectsQuality@3] File [C:/Users/User/Documents/Unreal Projects/GlobalGameJam2021/GlobalGameJam2021/Saved/Config/Windows/Scalability.ini]
[2021.01.29-18.22.16:535][  0]LogConfig: Setting CVar [[r.TranslucencyLightingVolumeDim:64]]
[2021.01.29-18.22.16:535][  0]LogConfig: Setting CVar [[r.RefractionQuality:2]]
[2021.01.29-18.22.16:535][  0]LogConfig: Setting CVar [[r.SSR.Quality:3]]
[2021.01.29-18.22.16:535][  0]LogConfig: Setting CVar [[r.SSR.HalfResSceneColor:0]]
[2021.01.29-18.22.16:535][  0]LogConfig: Setting CVar [[r.SceneColorFormat:4]]
[2021.01.29-18.22.16:535][  0]LogConfig: Setting CVar [[r.DetailMode:2]]
[2021.01.29-18.22.16:535][  0]LogConfig: Setting CVar [[r.TranslucencyVolumeBlur:1]]
[2021.01.29-18.22.16:535][  0]LogConfig: Setting CVar [[r.MaterialQualityLevel:1 ; High quality]]
[2021.01.29-18.22.16:535][  0]LogConfig: Setting CVar [[r.SSS.Scale:1]]
[2021.01.29-18.22.16:535][  0]LogConfig: Setting CVar [[r.SSS.SampleSet:2]]
[2021.01.29-18.22.16:535][  0]LogConfig: Setting CVar [[r.SSS.Quality:1]]
[2021.01.29-18.22.16:535][  0]LogConfig: Setting CVar [[r.SSS.HalfRes:1]]
[2021.01.29-18.22.16:535][  0]LogConfig: Setting CVar [[r.SSGI.Quality:3]]
[2021.01.29-18.22.16:535][  0]LogConfig: Setting CVar [[r.EmitterSpawnRateScale:1.0]]
[2021.01.29-18.22.16:535][  0]LogConfig: Setting CVar [[r.ParticleLightQuality:2]]
[2021.01.29-18.22.16:535][  0]LogConfig: Setting CVar [[r.SkyAtmosphere.AerialPerspectiveLUT.FastApplyOnOpaque:1 ; Always have FastSkyLUT 1 in this case to avoid wrong sky]]
[2021.01.29-18.22.16:535][  0]LogConfig: Setting CVar [[r.SkyAtmosphere.AerialPerspectiveLUT.SampleCountPerSlice:1]]
[2021.01.29-18.22.16:535][  0]LogConfig: Setting CVar [[r.SkyAtmosphere.AerialPerspectiveLUT.DepthResolution:16.0]]
[2021.01.29-18.22.16:535][  0]LogConfig: Setting CVar [[r.SkyAtmosphere.FastSkyLUT:1]]
[2021.01.29-18.22.16:536][  0]LogConfig: Setting CVar [[r.SkyAtmosphere.FastSkyLUT.SampleCountMin:4.0]]
[2021.01.29-18.22.16:536][  0]LogConfig: Setting CVar [[r.SkyAtmosphere.FastSkyLUT.SampleCountMax:32.0]]
[2021.01.29-18.22.16:536][  0]LogConfig: Setting CVar [[r.SkyAtmosphere.SampleCountMin:4.0]]
[2021.01.29-18.22.16:536][  0]LogConfig: Setting CVar [[r.SkyAtmosphere.SampleCountMax:32.0]]
[2021.01.29-18.22.16:536][  0]LogConfig: Setting CVar [[r.SkyAtmosphere.TransmittanceLUT.UseSmallFormat:0]]
[2021.01.29-18.22.16:536][  0]LogConfig: Setting CVar [[r.SkyAtmosphere.TransmittanceLUT.SampleCount:10.0]]
[2021.01.29-18.22.16:536][  0]LogConfig: Setting CVar [[r.SkyAtmosphere.MultiScatteringLUT.SampleCount:15.0]]
[2021.01.29-18.22.16:536][  0]LogConfig: Applying CVar settings from Section [FoliageQuality@3] File [C:/Users/User/Documents/Unreal Projects/GlobalGameJam2021/GlobalGameJam2021/Saved/Config/Windows/Scalability.ini]
[2021.01.29-18.22.16:536][  0]LogConfig: Setting CVar [[foliage.DensityScale:1.0]]
[2021.01.29-18.22.16:536][  0]LogConfig: Setting CVar [[grass.DensityScale:1.0]]
[2021.01.29-18.22.16:536][  0]LogConfig: Applying CVar settings from Section [ShadingQuality@3] File [C:/Users/User/Documents/Unreal Projects/GlobalGameJam2021/GlobalGameJam2021/Saved/Config/Windows/Scalability.ini]
[2021.01.29-18.22.16:536][  0]LogConfig: Setting CVar [[r.HairStrands.SkyLighting.SampleCount:16]]
[2021.01.29-18.22.16:536][  0]LogConfig: Setting CVar [[r.HairStrands.SkyLighting.JitterIntegration:0]]
[2021.01.29-18.22.16:536][  0]LogConfig: Setting CVar [[r.HairStrands.SkyAO.SampleCount:16]]
[2021.01.29-18.22.16:536][  0]LogInit: Selected Device Profile: [Windows]
[2021.01.29-18.22.16:536][  0]LogInit: Applying CVar settings loaded from the selected device profile: [Windows]
[2021.01.29-18.22.16:542][  0]LogHAL: Display: Platform has ~ 16 GB [17138692096 / 17179869184 / 16], which maps to Larger [LargestMinGB=32, LargerMinGB=12, DefaultMinGB=8, SmallerMinGB=6, SmallestMinGB=0)
[2021.01.29-18.22.16:542][  0]LogInit: Going up to parent DeviceProfile []
[2021.01.29-18.22.16:542][  0]LogConfig: Applying CVar settings from Section [ViewDistanceQuality@3] File [C:/Users/User/Documents/Unreal Projects/GlobalGameJam2021/GlobalGameJam2021/Saved/Config/Windows/Scalability.ini]
[2021.01.29-18.22.16:542][  0]LogConfig: Setting CVar [[r.SkeletalMeshLODBias:0]]
[2021.01.29-18.22.16:542][  0]LogConfig: Setting CVar [[r.ViewDistanceScale:1.0]]
[2021.01.29-18.22.16:542][  0]LogConfig: Applying CVar settings from Section [AntiAliasingQuality@3] File [C:/Users/User/Documents/Unreal Projects/GlobalGameJam2021/GlobalGameJam2021/Saved/Config/Windows/Scalability.ini]
[2021.01.29-18.22.16:542][  0]LogConfig: Setting CVar [[r.PostProcessAAQuality:4]]
[2021.01.29-18.22.16:542][  0]LogConfig: Applying CVar settings from Section [ShadowQuality@3] File [C:/Users/User/Documents/Unreal Projects/GlobalGameJam2021/GlobalGameJam2021/Saved/Config/Windows/Scalability.ini]
[2021.01.29-18.22.16:542][  0]LogConfig: Setting CVar [[r.LightFunctionQuality:1]]
[2021.01.29-18.22.16:542][  0]LogConfig: Setting CVar [[r.ShadowQuality:5]]
[2021.01.29-18.22.16:542][  0]LogConfig: Setting CVar [[r.Shadow.CSM.MaxCascades:10]]
[2021.01.29-18.22.16:542][  0]LogConfig: Setting CVar [[r.Shadow.MaxResolution:2048]]
[2021.01.29-18.22.16:542][  0]LogConfig: Setting CVar [[r.Shadow.MaxCSMResolution:2048]]
[2021.01.29-18.22.16:542][  0]LogConfig: Setting CVar [[r.Shadow.RadiusThreshold:0.01]]
[2021.01.29-18.22.16:542][  0]LogConfig: Setting CVar [[r.Shadow.DistanceScale:1.0]]
[2021.01.29-18.22.16:542][  0]LogConfig: Setting CVar [[r.Shadow.CSM.TransitionScale:1.0]]
[2021.01.29-18.22.16:542][  0]LogConfig: Setting CVar [[r.Shadow.PreShadowResolutionFactor:1.0]]
[2021.01.29-18.22.16:542][  0]LogConfig: Setting CVar [[r.DistanceFieldShadowing:1]]
[2021.01.29-18.22.16:543][  0]LogConfig: Setting CVar [[r.DistanceFieldAO:1]]
[2021.01.29-18.22.16:543][  0]LogConfig: Setting CVar [[r.AOQuality:2]]
[2021.01.29-18.22.16:543][  0]LogConfig: Setting CVar [[r.VolumetricFog:1]]
[2021.01.29-18.22.16:543][  0]LogConfig: Setting CVar [[r.VolumetricFog.GridPixelSize:8]]
[2021.01.29-18.22.16:543][  0]LogConfig: Setting CVar [[r.VolumetricFog.GridSizeZ:128]]
[2021.01.29-18.22.16:543][  0]LogConfig: Setting CVar [[r.VolumetricFog.HistoryMissSupersampleCount:4]]
[2021.01.29-18.22.16:543][  0]LogConfig: Setting CVar [[r.LightMaxDrawDistanceScale:1]]
[2021.01.29-18.22.16:543][  0]LogConfig: Setting CVar [[r.CapsuleShadows:1]]
[2021.01.29-18.22.16:543][  0]LogConfig: Applying CVar settings from Section [PostProcessQuality@3] File [C:/Users/User/Documents/Unreal Projects/GlobalGameJam2021/GlobalGameJam2021/Saved/Config/Windows/Scalability.ini]
[2021.01.29-18.22.16:543][  0]LogConfig: Setting CVar [[r.MotionBlurQuality:4]]
[2021.01.29-18.22.16:543][  0]LogConfig: Setting CVar [[r.AmbientOcclusionMipLevelFactor:0.4]]
[2021.01.29-18.22.16:543][  0]LogConfig: Setting CVar [[r.AmbientOcclusionMaxQuality:100]]
[2021.01.29-18.22.16:543][  0]LogConfig: Setting CVar [[r.AmbientOcclusionLevels:-1]]
[2021.01.29-18.22.16:543][  0]LogConfig: Setting CVar [[r.AmbientOcclusionRadiusScale:1.0]]
[2021.01.29-18.22.16:543][  0]LogConfig: Setting CVar [[r.DepthOfFieldQuality:2]]
[2021.01.29-18.22.16:543][  0]LogConfig: Setting CVar [[r.RenderTargetPoolMin:400]]
[2021.01.29-18.22.16:543][  0]LogConfig: Setting CVar [[r.LensFlareQuality:2]]
[2021.01.29-18.22.16:543][  0]LogConfig: Setting CVar [[r.SceneColorFringeQuality:1]]
[2021.01.29-18.22.16:543][  0]LogConfig: Setting CVar [[r.EyeAdaptationQuality:2]]
[2021.01.29-18.22.16:543][  0]LogConfig: Setting CVar [[r.BloomQuality:5]]
[2021.01.29-18.22.16:544][  0]LogConfig: Setting CVar [[r.FastBlurThreshold:100]]
[2021.01.29-18.22.16:544][  0]LogConfig: Setting CVar [[r.Upscale.Quality:3]]
[2021.01.29-18.22.16:544][  0]LogConfig: Setting CVar [[r.Tonemapper.GrainQuantization:1]]
[2021.01.29-18.22.16:544][  0]LogConfig: Setting CVar [[r.LightShaftQuality:1]]
[2021.01.29-18.22.16:544][  0]LogConfig: Setting CVar [[r.Filter.SizeScale:1]]
[2021.01.29-18.22.16:544][  0]LogConfig: Setting CVar [[r.Tonemapper.Quality:5]]
[2021.01.29-18.22.16:544][  0]LogConfig: Setting CVar [[r.DOF.Gather.AccumulatorQuality:1        ; higher gathering accumulator quality]]
[2021.01.29-18.22.16:544][  0]LogConfig: Setting CVar [[r.DOF.Gather.PostfilterMethod:1          ; Median3x3 postfilering method]]
[2021.01.29-18.22.16:544][  0]LogConfig: Setting CVar [[r.DOF.Gather.EnableBokehSettings:0       ; no bokeh simulation when gathering]]
[2021.01.29-18.22.16:544][  0]LogConfig: Setting CVar [[r.DOF.Gather.RingCount:4                 ; medium number of samples when gathering]]
[2021.01.29-18.22.16:544][  0]LogConfig: Setting CVar [[r.DOF.Scatter.ForegroundCompositing:1    ; additive foreground scattering]]
[2021.01.29-18.22.16:544][  0]LogConfig: Setting CVar [[r.DOF.Scatter.BackgroundCompositing:2    ; additive background scattering]]
[2021.01.29-18.22.16:544][  0]LogConfig: Setting CVar [[r.DOF.Scatter.EnableBokehSettings:1      ; bokeh simulation when scattering]]
[2021.01.29-18.22.16:544][  0]LogConfig: Setting CVar [[r.DOF.Scatter.MaxSpriteRatio:0.1         ; only a maximum of 10% of scattered bokeh]]
[2021.01.29-18.22.16:544][  0]LogConfig: Setting CVar [[r.DOF.Recombine.Quality:1                ; cheap slight out of focus]]
[2021.01.29-18.22.16:544][  0]LogConfig: Setting CVar [[r.DOF.Recombine.EnableBokehSettings:0    ; no bokeh simulation on slight out of focus]]
[2021.01.29-18.22.16:544][  0]LogConfig: Setting CVar [[r.DOF.TemporalAAQuality:1                ; more stable temporal accumulation]]
[2021.01.29-18.22.16:544][  0]LogConfig: Setting CVar [[r.DOF.Kernel.MaxForegroundRadius:0.025]]
[2021.01.29-18.22.16:544][  0]LogConfig: Setting CVar [[r.DOF.Kernel.MaxBackgroundRadius:0.025]]
[2021.01.29-18.22.16:544][  0]LogConfig: Applying CVar settings from Section [TextureQuality@3] File [C:/Users/User/Documents/Unreal Projects/GlobalGameJam2021/GlobalGameJam2021/Saved/Config/Windows/Scalability.ini]
[2021.01.29-18.22.16:544][  0]LogConfig: Setting CVar [[r.Streaming.MipBias:0]]
[2021.01.29-18.22.16:545][  0]LogConfig: Setting CVar [[r.Streaming.AmortizeCPUToGPUCopy:0]]
[2021.01.29-18.22.16:545][  0]LogConfig: Setting CVar [[r.Streaming.MaxNumTexturesToStreamPerFrame:0]]
[2021.01.29-18.22.16:545][  0]LogConfig: Setting CVar [[r.Streaming.Boost:1]]
[2021.01.29-18.22.16:545][  0]LogConfig: Setting CVar [[r.MaxAnisotropy:8]]
[2021.01.29-18.22.16:545][  0]LogConfig: Setting CVar [[r.VT.MaxAnisotropy:8]]
[2021.01.29-18.22.16:545][  0]LogConfig: Setting CVar [[r.Streaming.LimitPoolSizeToVRAM:0]]
[2021.01.29-18.22.16:545][  0]LogConfig: Setting CVar [[r.Streaming.PoolSize:1000]]
[2021.01.29-18.22.16:545][  0]LogConfig: Setting CVar [[r.Streaming.MaxEffectiveScreenSize:0]]
[2021.01.29-18.22.16:545][  0]LogConfig: Applying CVar settings from Section [EffectsQuality@3] File [C:/Users/User/Documents/Unreal Projects/GlobalGameJam2021/GlobalGameJam2021/Saved/Config/Windows/Scalability.ini]
[2021.01.29-18.22.16:545][  0]LogConfig: Setting CVar [[r.TranslucencyLightingVolumeDim:64]]
[2021.01.29-18.22.16:545][  0]LogConfig: Setting CVar [[r.RefractionQuality:2]]
[2021.01.29-18.22.16:545][  0]LogConfig: Setting CVar [[r.SSR.Quality:3]]
[2021.01.29-18.22.16:545][  0]LogConfig: Setting CVar [[r.SSR.HalfResSceneColor:0]]
[2021.01.29-18.22.16:545][  0]LogConfig: Setting CVar [[r.SceneColorFormat:4]]
[2021.01.29-18.22.16:545][  0]LogConfig: Setting CVar [[r.DetailMode:2]]
[2021.01.29-18.22.16:545][  0]LogConfig: Setting CVar [[r.TranslucencyVolumeBlur:1]]
[2021.01.29-18.22.16:545][  0]LogConfig: Setting CVar [[r.MaterialQualityLevel:1 ; High quality]]
[2021.01.29-18.22.16:545][  0]LogConfig: Setting CVar [[r.SSS.Scale:1]]
[2021.01.29-18.22.16:545][  0]LogConfig: Setting CVar [[r.SSS.SampleSet:2]]
[2021.01.29-18.22.16:545][  0]LogConfig: Setting CVar [[r.SSS.Quality:1]]
[2021.01.29-18.22.16:545][  0]LogConfig: Setting CVar [[r.SSS.HalfRes:1]]
[2021.01.29-18.22.16:545][  0]LogConfig: Setting CVar [[r.SSGI.Quality:3]]
[2021.01.29-18.22.16:546][  0]LogConfig: Setting CVar [[r.EmitterSpawnRateScale:1.0]]
[2021.01.29-18.22.16:546][  0]LogConfig: Setting CVar [[r.ParticleLightQuality:2]]
[2021.01.29-18.22.16:546][  0]LogConfig: Setting CVar [[r.SkyAtmosphere.AerialPerspectiveLUT.FastApplyOnOpaque:1 ; Always have FastSkyLUT 1 in this case to avoid wrong sky]]
[2021.01.29-18.22.16:546][  0]LogConfig: Setting CVar [[r.SkyAtmosphere.AerialPerspectiveLUT.SampleCountPerSlice:1]]
[2021.01.29-18.22.16:546][  0]LogConfig: Setting CVar [[r.SkyAtmosphere.AerialPerspectiveLUT.DepthResolution:16.0]]
[2021.01.29-18.22.16:546][  0]LogConfig: Setting CVar [[r.SkyAtmosphere.FastSkyLUT:1]]
[2021.01.29-18.22.16:546][  0]LogConfig: Setting CVar [[r.SkyAtmosphere.FastSkyLUT.SampleCountMin:4.0]]
[2021.01.29-18.22.16:546][  0]LogConfig: Setting CVar [[r.SkyAtmosphere.FastSkyLUT.SampleCountMax:32.0]]
[2021.01.29-18.22.16:546][  0]LogConfig: Setting CVar [[r.SkyAtmosphere.SampleCountMin:4.0]]
[2021.01.29-18.22.16:546][  0]LogConfig: Setting CVar [[r.SkyAtmosphere.SampleCountMax:32.0]]
[2021.01.29-18.22.16:546][  0]LogConfig: Setting CVar [[r.SkyAtmosphere.TransmittanceLUT.UseSmallFormat:0]]
[2021.01.29-18.22.16:546][  0]LogConfig: Setting CVar [[r.SkyAtmosphere.TransmittanceLUT.SampleCount:10.0]]
[2021.01.29-18.22.16:546][  0]LogConfig: Setting CVar [[r.SkyAtmosphere.MultiScatteringLUT.SampleCount:15.0]]
[2021.01.29-18.22.16:546][  0]LogConfig: Applying CVar settings from Section [FoliageQuality@3] File [C:/Users/User/Documents/Unreal Projects/GlobalGameJam2021/GlobalGameJam2021/Saved/Config/Windows/Scalability.ini]
[2021.01.29-18.22.16:546][  0]LogConfig: Setting CVar [[foliage.DensityScale:1.0]]
[2021.01.29-18.22.16:546][  0]LogConfig: Setting CVar [[grass.DensityScale:1.0]]
[2021.01.29-18.22.16:546][  0]LogConfig: Applying CVar settings from Section [ShadingQuality@3] File [C:/Users/User/Documents/Unreal Projects/GlobalGameJam2021/GlobalGameJam2021/Saved/Config/Windows/Scalability.ini]
[2021.01.29-18.22.16:546][  0]LogConfig: Setting CVar [[r.HairStrands.SkyLighting.SampleCount:16]]
[2021.01.29-18.22.16:546][  0]LogConfig: Setting CVar [[r.HairStrands.SkyLighting.JitterIntegration:0]]
[2021.01.29-18.22.16:546][  0]LogConfig: Setting CVar [[r.HairStrands.SkyAO.SampleCount:16]]
[2021.01.29-18.22.16:546][  0]LogConfig: Applying CVar settings from Section [Startup] File [../../../Engine/Config/ConsoleVariables.ini]
[2021.01.29-18.22.16:547][  0]LogConfig: Setting CVar [[net.UseAdaptiveNetUpdateFrequency:0]]
[2021.01.29-18.22.16:547][  0]LogConfig: Setting CVar [[p.chaos.AllowCreatePhysxBodies:1]]
[2021.01.29-18.22.16:547][  0]LogConfig: Applying CVar settings from Section [ConsoleVariables] File [C:/Users/User/Documents/Unreal Projects/GlobalGameJam2021/GlobalGameJam2021/Saved/Config/Windows/Engine.ini]
[2021.01.29-18.22.16:547][  0]LogInit: Computer: KUSUNAGI
[2021.01.29-18.22.16:547][  0]LogInit: User: User
[2021.01.29-18.22.16:547][  0]LogInit: CPU Page size=4096, Cores=4
[2021.01.29-18.22.16:547][  0]LogInit: High frequency timer resolution =3.433759 MHz
[2021.01.29-18.22.16:548][  0]LogMemory: Memory total: Physical=16.0GB (16GB approx)
[2021.01.29-18.22.16:548][  0]LogMemory: Platform Memory Stats for Windows
[2021.01.29-18.22.16:548][  0]LogMemory: Process Physical Memory: 106.32 MB used, 106.32 MB peak
[2021.01.29-18.22.16:548][  0]LogMemory: Process Virtual Memory: 105.31 MB used, 105.31 MB peak
[2021.01.29-18.22.16:548][  0]LogMemory: Physical Memory: 6409.38 MB used,  9935.35 MB free, 16344.73 MB total
[2021.01.29-18.22.16:548][  0]LogMemory: Virtual Memory: 1025.70 MB used,  8387582.00 MB free, 8388608.00 MB total
[2021.01.29-18.22.16:572][  0]LogWindows: WindowsPlatformFeatures enabled
[2021.01.29-18.22.16:614][  0]LogInit: Using OS detected language (en-GB).
[2021.01.29-18.22.16:614][  0]LogInit: Using OS detected locale (en-GB).
[2021.01.29-18.22.16:616][  0]LogTextLocalizationManager: No specific localization for 'en-GB' exists, so the 'en' localization will be used.
[2021.01.29-18.22.16:978][  0]LogWindows: Failed to load 'shcore.dll' (GetLastError=126)
[2021.01.29-18.22.16:978][  0]LogWindows: File 'shcore.dll' does not exist
[2021.01.29-18.22.16:978][  0]LogInit: Setting process to DPI aware
[2021.01.29-18.22.17:022][  0]LogSlate: New Slate User Created.  User Index 0, Is Virtual User: 0
[2021.01.29-18.22.17:022][  0]LogSlate: Slate User Registered.  User Index 0, Is Virtual User: 0
[2021.01.29-18.22.17:335][  0]LogHMD: Failed to initialize OpenVR with code 110
[2021.01.29-18.22.17:335][  0]LogD3D11RHI: D3D11 min allowed feature level: 11_0
[2021.01.29-18.22.17:335][  0]LogD3D11RHI: D3D11 max allowed feature level: 11_0
[2021.01.29-18.22.17:335][  0]LogD3D11RHI: D3D11 adapters:
[2021.01.29-18.22.17:406][  0]LogD3D11RHI:    0. 'NVIDIA GeForce GTX 750 Ti' (Feature Level 11_0)
[2021.01.29-18.22.17:406][  0]LogD3D11RHI:       1993/0/7916 MB DedicatedVideo/DedicatedSystem/SharedSystem, Outputs:1, VendorId:0x10de
[2021.01.29-18.22.17:406][  0]LogD3D11RHI: Chosen D3D11 Adapter: 0
[2021.01.29-18.22.17:417][  0]LogD3D11RHI: Creating new Direct3DDevice
[2021.01.29-18.22.17:418][  0]LogD3D11RHI:     GPU DeviceId: 0x1380 (for the marketing name, search the web for "GPU Device Id")
[2021.01.29-18.22.17:418][  0]LogWindows: EnumDisplayDevices:
[2021.01.29-18.22.17:418][  0]LogWindows:    0. 'NVIDIA GeForce GTX 750 Ti' (P:1 D:1)
[2021.01.29-18.22.17:419][  0]LogWindows:    1. 'NVIDIA GeForce GTX 750 Ti' (P:0 D:0)
[2021.01.29-18.22.17:420][  0]LogWindows:    2. 'NVIDIA GeForce GTX 750 Ti' (P:0 D:0)
[2021.01.29-18.22.17:421][  0]LogWindows:    3. 'NVIDIA GeForce GTX 750 Ti' (P:0 D:0)
[2021.01.29-18.22.17:421][  0]LogWindows:    4. 'RDPDD Chained DD' (P:0 D:0)
[2021.01.29-18.22.17:421][  0]LogWindows:    5. 'RDP Encoder Mirror Driver' (P:0 D:0)
[2021.01.29-18.22.17:422][  0]LogWindows:    6. 'RDP Reflector Display Driver' (P:0 D:0)
[2021.01.29-18.22.17:422][  0]LogWindows: DebugString: GetVideoDriverDetailsInvalid PrimaryIsNotTheChoosenAdapter GetVideoDriverDetailsInvalid PrimaryIsNotTheChoosenAdapter GetVideoDriverDetailsInvalid PrimaryIsNotTheChoosenAdapter FoundDriverCount:4 
[2021.01.29-18.22.17:422][  0]LogD3D11RHI:     Adapter Name: NVIDIA GeForce GTX 750 Ti
[2021.01.29-18.22.17:422][  0]LogD3D11RHI:   Driver Version: 388.13 (internal:23.21.13.8813, unified:388.13)
[2021.01.29-18.22.17:422][  0]LogD3D11RHI:      Driver Date: 10-27-2017
[2021.01.29-18.22.17:422][  0]LogRHI: Texture pool is 1395 MB (70% of 1993 MB)
[2021.01.29-18.22.17:439][  0]LogD3D11RHI: RHI has support for 64 bit atomics
[2021.01.29-18.22.17:439][  0]LogD3D11RHI: Async texture creation enabled
[2021.01.29-18.22.17:510][  0]LogD3D11RHI: GPU Timing Frequency: 1000.000000 (Debug: 2 2)
[2021.01.29-18.22.17:999][  0]LogTargetPlatformManager: Display: Loaded TargetPlatform 'AllDesktop'
[2021.01.29-18.22.18:062][  0]LogTargetPlatformManager: Display: Loaded TargetPlatform 'Android'
[2021.01.29-18.22.18:062][  0]LogTargetPlatformManager: Display: Loaded TargetPlatform 'Android_ASTC'
[2021.01.29-18.22.18:062][  0]LogTargetPlatformManager: Display: Loaded TargetPlatform 'Android_ATC'
[2021.01.29-18.22.18:062][  0]LogTargetPlatformManager: Display: Loaded TargetPlatform 'Android_DXT'
[2021.01.29-18.22.18:062][  0]LogTargetPlatformManager: Display: Loaded TargetPlatform 'Android_ETC1'
[2021.01.29-18.22.18:062][  0]LogTargetPlatformManager: Display: Loaded TargetPlatform 'Android_ETC1a'
[2021.01.29-18.22.18:062][  0]LogTargetPlatformManager: Display: Loaded TargetPlatform 'Android_ETC2'
[2021.01.29-18.22.18:062][  0]LogTargetPlatformManager: Display: Loaded TargetPlatform 'Android_PVRTC'
[2021.01.29-18.22.18:062][  0]LogTargetPlatformManager: Display: Loaded TargetPlatform 'AndroidClient'
[2021.01.29-18.22.18:062][  0]LogTargetPlatformManager: Display: Loaded TargetPlatform 'Android_ASTCClient'
[2021.01.29-18.22.18:062][  0]LogTargetPlatformManager: Display: Loaded TargetPlatform 'Android_ATCClient'
[2021.01.29-18.22.18:062][  0]LogTargetPlatformManager: Display: Loaded TargetPlatform 'Android_DXTClient'
[2021.01.29-18.22.18:062][  0]LogTargetPlatformManager: Display: Loaded TargetPlatform 'Android_ETC1Client'
[2021.01.29-18.22.18:063][  0]LogTargetPlatformManager: Display: Loaded TargetPlatform 'Android_ETC1aClient'
[2021.01.29-18.22.18:063][  0]LogTargetPlatformManager: Display: Loaded TargetPlatform 'Android_ETC2Client'
[2021.01.29-18.22.18:063][  0]LogTargetPlatformManager: Display: Loaded TargetPlatform 'Android_PVRTCClient'
[2021.01.29-18.22.18:063][  0]LogTargetPlatformManager: Display: Loaded TargetPlatform 'Android_Multi'
[2021.01.29-18.22.18:063][  0]LogTargetPlatformManager: Display: Loaded TargetPlatform 'Android_MultiClient'
[2021.01.29-18.22.18:100][  0]LogTargetPlatformManager: Display: Loaded TargetPlatform 'IOSClient'
[2021.01.29-18.22.18:100][  0]LogTargetPlatformManager: Display: Loaded TargetPlatform 'IOS'
[2021.01.29-18.22.18:116][  0]LogTargetPlatformManager: Display: Loaded TargetPlatform 'LinuxNoEditor'
[2021.01.29-18.22.18:130][  0]LogTargetPlatformManager: Display: Loaded TargetPlatform 'LinuxClient'
[2021.01.29-18.22.18:144][  0]LogTargetPlatformManager: Display: Loaded TargetPlatform 'LinuxServer'
[2021.01.29-18.22.18:158][  0]LogTargetPlatformManager: Display: Loaded TargetPlatform 'LinuxAArch64NoEditor'
[2021.01.29-18.22.18:172][  0]LogTargetPlatformManager: Display: Loaded TargetPlatform 'LinuxAArch64Client'
[2021.01.29-18.22.18:186][  0]LogTargetPlatformManager: Display: Loaded TargetPlatform 'LinuxAArch64Server'
[2021.01.29-18.22.18:238][  0]LogTargetPlatformManager: Display: Loaded TargetPlatform 'Lumin'
[2021.01.29-18.22.18:238][  0]LogTargetPlatformManager: Display: Loaded TargetPlatform 'LuminClient'
[2021.01.29-18.22.18:267][  0]LogTargetPlatformManager: Display: Loaded TargetPlatform 'TVOSClient'
[2021.01.29-18.22.18:267][  0]LogTargetPlatformManager: Display: Loaded TargetPlatform 'TVOS'
[2021.01.29-18.22.18:282][  0]LogTargetPlatformManager: Display: Loaded TargetPlatform 'WindowsNoEditor'
[2021.01.29-18.22.18:296][  0]LogTargetPlatformManager: Display: Loaded TargetPlatform 'Windows'
[2021.01.29-18.22.18:310][  0]LogTargetPlatformManager: Display: Loaded TargetPlatform 'WindowsClient'
[2021.01.29-18.22.18:324][  0]LogTargetPlatformManager: Display: Loaded TargetPlatform 'WindowsServer'
[2021.01.29-18.22.18:324][  0]LogTargetPlatformManager: Display: Building Assets For Windows
[2021.01.29-18.22.18:330][  0]LogAudioDebug: Display: Lib vorbis DLL was dynamically loaded.
[2021.01.29-18.22.18:371][  0]LogShaderCompilers: Guid format shader working directory is -46 characters bigger than the processId version (../../../../../../Users/User/Documents/Unreal Projects/GlobalGameJam2021/GlobalGameJam2021/Intermediate/Shaders/WorkingDirectory/10980/).
[2021.01.29-18.22.18:372][  0]LogShaderCompilers: Cleaned the shader compiler working directory 'C:/Users/User/AppData/Local/Temp/UnrealShaderWorkingDir/8931F5AD44F092C5AA3DA2AE3F5D64A1/'.
[2021.01.29-18.22.18:373][  0]LogXGEController: Cleaning working directory: C:/Users/User/AppData/Local/Temp/UnrealXGEWorkingDir/
[2021.01.29-18.22.18:373][  0]LogXGEController: Cannot use XGE Controller as Incredibuild is not installed on this machine.
[2021.01.29-18.22.18:373][  0]LogShaderCompilers: Cannot use XGE Shader Compiler as Incredibuild is not installed on this machine.
[2021.01.29-18.22.18:373][  0]LogShaderCompilers: Display: Using Local Shader Compiler.
[2021.01.29-18.22.21:214][  0]LogDerivedDataCache: Display: Max Cache Size: 512 MB
[2021.01.29-18.22.21:389][  0]LogDerivedDataCache: Loaded boot cache 0.18s 96MB C:/Users/User/AppData/Local/UnrealEngine/4.24/DerivedDataCache/Boot.ddc.
[2021.01.29-18.22.21:390][  0]LogDerivedDataCache: Display: Loaded Boot cache: C:/Users/User/AppData/Local/UnrealEngine/4.24/DerivedDataCache/Boot.ddc
[2021.01.29-18.22.21:390][  0]LogDerivedDataCache: FDerivedDataBackendGraph:  Pak pak cache file ../../../../../../Users/User/Documents/Unreal Projects/GlobalGameJam2021/GlobalGameJam2021/DerivedDataCache/DDC.ddp not found, will not use a pak cache.
[2021.01.29-18.22.21:390][  0]LogDerivedDataCache: Unable to find inner node Pak for hierarchical cache Hierarchy.
[2021.01.29-18.22.21:390][  0]LogDerivedDataCache: FDerivedDataBackendGraph:  CompressedPak pak cache file ../../../../../../Users/User/Documents/Unreal Projects/GlobalGameJam2021/GlobalGameJam2021/DerivedDataCache/Compressed.ddp not found, will not use a pak cache.
[2021.01.29-18.22.21:390][  0]LogDerivedDataCache: Unable to find inner node CompressedPak for hierarchical cache Hierarchy.
[2021.01.29-18.22.21:406][  0]LogDerivedDataCache: Display: Pak cache opened for reading ../../../Engine/DerivedDataCache/Compressed.ddp.
[2021.01.29-18.22.21:406][  0]LogDerivedDataCache: FDerivedDataBackendGraph:  EnterprisePak pak cache file ../../../Enterprise/DerivedDataCache/Compressed.ddp not found, will not use a pak cache.
[2021.01.29-18.22.21:406][  0]LogDerivedDataCache: Unable to find inner node EnterprisePak for hierarchical cache Hierarchy.
[2021.01.29-18.22.21:408][  0]LogDerivedDataCache: Using Local data cache path C:/Users/User/AppData/Local/UnrealEngine/Common/DerivedDataCache: Writable
[2021.01.29-18.22.21:408][  0]LogDerivedDataCache: Shared data cache path not found in *engine.ini, will not use an Shared cache.
[2021.01.29-18.22.21:408][  0]LogDerivedDataCache: Unable to find inner node Shared for hierarchical cache Hierarchy.
[2021.01.29-18.22.21:496][  0]LogMaterial: Verifying Global Shaders for PCD3D_SM5
[2021.01.29-18.22.21:502][  0]LogSlate: Using FreeType 2.10.0
[2021.01.29-18.22.21:502][  0]LogSlate: SlateFontServices - WITH_FREETYPE: 1, WITH_HARFBUZZ: 1
[2021.01.29-18.22.21:604][  0]LogAssetRegistry: FAssetRegistry took 0.0047 seconds to start up
[2021.01.29-18.22.22:259][  0]LogInit: Selected Device Profile: [Windows]
[2021.01.29-18.22.22:652][  0]LogMeshReduction: Using QuadricMeshReduction for automatic static mesh reduction
[2021.01.29-18.22.22:652][  0]LogMeshReduction: Using SimplygonMeshReduction for automatic skeletal mesh reduction
[2021.01.29-18.22.22:652][  0]LogMeshReduction: Using ProxyLODMeshReduction for automatic mesh merging
[2021.01.29-18.22.22:652][  0]LogMeshReduction: No distributed automatic mesh merging module available
[2021.01.29-18.22.22:652][  0]LogMeshMerging: No distributed automatic mesh merging module available
[2021.01.29-18.22.22:685][  0]LogNetVersion: GlobalGameJam2021 1.0.0, NetCL: 10570792, EngineNetVer: 13, GameNetVer: 0 (Checksum: 1630513002)
[2021.01.29-18.22.25:058][  0]LogPackageLocalizationCache: Processed 10 localized package path(s) for 1 prioritized culture(s) in 0.060532 seconds
[2021.01.29-18.22.25:072][  0]LogUObjectArray: 46750 objects as part of root set at end of initial load.
[2021.01.29-18.22.25:072][  0]LogUObjectAllocator: 8137160 out of 0 bytes used by permanent object pool.
[2021.01.29-18.22.25:072][  0]LogUObjectArray: CloseDisregardForGC: 0/0 objects in disregard for GC pool
[2021.01.29-18.22.26:167][  0]LogTcpMessaging: Initializing TcpMessaging bridge
[2021.01.29-18.22.26:171][  0]LogUdpMessaging: Initializing bridge on interface 0.0.0.0:0 to multicast group 230.0.0.1:6666.
[2021.01.29-18.22.26:286][  0]SourceControl: Source control is disabled
[2021.01.29-18.22.26:286][  0]SourceControl: Source control is disabled
[2021.01.29-18.22.26:292][  0]SourceControl: Source control is disabled
[2021.01.29-18.22.26:293][  0]SourceControl: Source control is disabled
[2021.01.29-18.22.26:294][  0]SourceControl: Source control is disabled
[2021.01.29-18.22.26:440][  0]LogAndroidPermission: UAndroidPermissionCallbackProxy::GetInstance
[2021.01.29-18.22.26:457][  0]LogAudioCaptureCore: Display: No Audio Capture implementations found. Audio input will be silent.
[2021.01.29-18.22.26:457][  0]LogAudioCaptureCore: Display: No Audio Capture implementations found. Audio input will be silent.
[2021.01.29-18.22.26:724][  0]LogOcInput: OculusInput pre-init called
[2021.01.29-18.22.26:737][  0]LogWindows: Failed to load 'OVRPlugin.dll' (GetLastError=126)
[2021.01.29-18.22.26:737][  0]LogWindows: File 'OVRPlugin.dll' does not exist
[2021.01.29-18.22.26:960][  0]LogEngine: Initializing Engine...
[2021.01.29-18.22.26:962][  0]LogHMD: Failed to initialize OpenVR with code 110
[2021.01.29-18.22.26:964][  0]LogStats: UGameplayTagsManager::InitializeManager -  0.000 s
[2021.01.29-18.22.28:048][  0]LogInit: Initializing FReadOnlyCVARCache
[2021.01.29-18.22.28:062][  0]LogAIModule: Creating AISystem for world Untitled
[2021.01.29-18.22.28:088][  0]LogAudioMixer: Display: Audio Mixer Platform Settings:
[2021.01.29-18.22.28:088][  0]LogAudioMixer: Display: 	Sample Rate:						  48000
[2021.01.29-18.22.28:088][  0]LogAudioMixer: Display: 	Callback Buffer Frame Size Requested: 1024
[2021.01.29-18.22.28:088][  0]LogAudioMixer: Display: 	Callback Buffer Frame Size To Use:	  1024
[2021.01.29-18.22.28:088][  0]LogAudioMixer: Display: 	Number of buffers to queue:			  2
[2021.01.29-18.22.28:088][  0]LogAudioMixer: Display: 	Max Channels (voices):				  32
[2021.01.29-18.22.28:088][  0]LogAudioMixer: Display: 	Number of Async Source Workers:		  0
[2021.01.29-18.22.28:088][  0]LogAudio: Display: AudioDevice MaxSources: 32
[2021.01.29-18.22.28:089][  0]LogAudio: Display: Using built-in audio occlusion.
[2021.01.29-18.22.28:089][  0]LogAudioMixer: Display: Initializing audio mixer.
[2021.01.29-18.22.28:135][  0]LogAudioMixer: Display: Audio Device Output Speaker Info:
[2021.01.29-18.22.28:135][  0]LogAudioMixer: Display: Name: Speakers (Turtle Beach P11 Headset)
[2021.01.29-18.22.28:135][  0]LogAudioMixer: Display: Is Default: Yes
[2021.01.29-18.22.28:135][  0]LogAudioMixer: Display: Sample Rate: 48000
[2021.01.29-18.22.28:135][  0]LogAudioMixer: Display: Channel Count Used: 2
[2021.01.29-18.22.28:135][  0]LogAudioMixer: Display: Device Channel Count: 2
[2021.01.29-18.22.28:135][  0]LogAudioMixer: Display: Channel Order:
[2021.01.29-18.22.28:135][  0]LogAudioMixer: Display: 0: FrontLeft
[2021.01.29-18.22.28:135][  0]LogAudioMixer: Display: 1: FrontRight
[2021.01.29-18.22.28:155][  0]LogAudioMixer: Display: Using Audio Device Speakers (Turtle Beach P11 Headset)
[2021.01.29-18.22.28:166][  0]LogInit: FAudioDevice initialized.
[2021.01.29-18.22.28:166][  0]LogNetVersion: Set ProjectVersion to 1.0.0.0. Version Checksum will be recalculated on next use.
[2021.01.29-18.22.28:310][  0]LogDerivedDataCache: Saved boot cache 0.14s 78MB C:/Users/User/AppData/Local/UnrealEngine/4.24/DerivedDataCache/Boot.ddc.
[2021.01.29-18.22.28:313][  0]LogInit: Texture streaming: Enabled
[2021.01.29-18.22.28:339][  0]LogEngineSessionManager: EngineSessionManager initialized
[2021.01.29-18.22.28:339][  0]LogEditorSessionSummary: Verbose: Initializing EditorSessionSummaryWriter for editor session tracking
[2021.01.29-18.22.28:367][  0]LogEditorSessionSummary: EditorSessionSummaryWriter initialized
[2021.01.29-18.22.28:434][  0]LogInit: Transaction tracking system initialized
[2021.01.29-18.22.28:454][  0]BlueprintLog: New page: Editor Load
[2021.01.29-18.22.28:515][  0]LocalizationService: Localization service is disabled
[2021.01.29-18.22.29:286][  0]LogFileCache: Scanning file cache for directory 'C:/Users/User/Documents/Unreal Projects/GlobalGameJam2021/GlobalGameJam2021/Content/' took 0.01s
[2021.01.29-18.22.29:286][  0]LogCook: Display: Max memory allowance for cook 16384mb min free memory 0mb
[2021.01.29-18.22.29:286][  0]LogCook: Display: Mobile HDR setting 1
[2021.01.29-18.22.30:502][  0]SourceControl: Source control is disabled
[2021.01.29-18.22.30:503][  0]LightingResults: New page: Lighting Build
[2021.01.29-18.22.30:504][  0]LogWorld: UWorld::CleanupWorld for Untitled, bSessionEnded=true, bCleanupResources=true
[2021.01.29-18.22.30:505][  0]LogSlate: InvalidateAllWidgets triggered.  All widgets were invalidated
[2021.01.29-18.22.30:505][  0]MapCheck: New page: Map Check
[2021.01.29-18.22.30:505][  0]LightingResults: New page: Lighting Build
[2021.01.29-18.22.30:663][  0]LogUObjectHash: Compacting FUObjectHashTables data took   7.43ms
[2021.01.29-18.22.31:628][  0]LogAIModule: Creating AISystem for world FirstPersonExampleMap
[2021.01.29-18.22.31:643][  0]LogEditorServer: Finished looking for orphan Actors (0.000 secs)
[2021.01.29-18.22.31:804][  0]LogUObjectHash: Compacting FUObjectHashTables data took   6.32ms
[2021.01.29-18.22.31:804][  0]Cmd: MAP CHECKDEP NOCLEARLOG
[2021.01.29-18.22.31:805][  0]MapCheck: Map check complete: 0 Error(s), 0 Warning(s), took 0.216ms to complete.
[2021.01.29-18.22.31:805][  0]LogFileHelpers: Loading map 'FirstPersonExampleMap' took 1.302
[2021.01.29-18.22.31:953][  0]LogSlate: Updating window title bar state: overlay mode, drag disabled, window buttons hidden, title bar hidden
[2021.01.29-18.22.31:968][  0]LogSlate: Updating window title bar state: overlay mode, drag disabled, window buttons hidden, title bar hidden
[2021.01.29-18.22.31:983][  0]LogSlate: Updating window title bar state: overlay mode, drag disabled, window buttons hidden, title bar hidden
[2021.01.29-18.22.31:997][  0]LogSlate: Updating window title bar state: overlay mode, drag disabled, window buttons hidden, title bar hidden
[2021.01.29-18.22.32:010][  0]LogCollectionManager: Loaded 0 collections in 0.003199 seconds
[2021.01.29-18.22.32:040][  0]LogFileCache: Scanning file cache for directory 'C:/Users/User/Documents/Unreal Projects/GlobalGameJam2021/GlobalGameJam2021/Saved/Collections/' took 0.00s
[2021.01.29-18.22.32:040][  0]LogFileCache: Scanning file cache for directory 'C:/Users/User/Documents/Unreal Projects/GlobalGameJam2021/GlobalGameJam2021/Content/Developers/User/Collections/' took 0.00s
[2021.01.29-18.22.32:040][  0]LogFileCache: Scanning file cache for directory 'C:/Users/User/Documents/Unreal Projects/GlobalGameJam2021/GlobalGameJam2021/Content/Collections/' took 0.00s
[2021.01.29-18.22.32:040][  0]LogContentBrowser: Native class hierarchy populated in 0.0223 seconds. Added 3015 classes and 717 folders.
[2021.01.29-18.22.32:053][  0]LogContentBrowser: Native class hierarchy updated for 'WidgetCarousel' in 0.0004 seconds. Added 0 classes and 0 folders.
[2021.01.29-18.22.32:216][  0]LogContentBrowser: Native class hierarchy updated for 'AddContentDialog' in 0.0004 seconds. Added 0 classes and 0 folders.
[2021.01.29-18.22.32:223][  0]LogContentBrowser: Native class hierarchy updated for 'SceneOutliner' in 0.0005 seconds. Added 2 classes and 3 folders.
[2021.01.29-18.22.32:511][  0]LogSlate: Took 0.000307 seconds to synchronously load lazily loaded font '../../../Engine/Content/Slate/Fonts/Roboto-Regular.ttf' (155K)
[2021.01.29-18.22.32:514][  0]LogSlate: Took 0.000267 seconds to synchronously load lazily loaded font '../../../Engine/Content/Slate/Fonts/Roboto-Bold.ttf' (160K)
[2021.01.29-18.22.32:522][  0]LogSlate: Took 0.000283 seconds to synchronously load lazily loaded font '../../../Engine/Content/Editor/Slate/Fonts/FontAwesome.ttf' (139K)
[2021.01.29-18.22.32:692][  0]LogRenderer: Reallocating scene render targets to support 1208x572 Format 10 NumSamples 1 (Frame:1).
[2021.01.29-18.22.32:866][  0]LogContentBrowser: Native class hierarchy updated for 'HierarchicalLODOutliner' in 0.0005 seconds. Added 0 classes and 0 folders.
[2021.01.29-18.22.32:866][  0]LogLoad: (Engine Initialization) Total time: 20.07 seconds
[2021.01.29-18.22.32:866][  0]LogLoad: (Engine Initialization) Total Blueprint compile time: 0.00 seconds
[2021.01.29-18.22.32:936][  0]LogContentStreaming: Texture pool size now 1000 MB
[2021.01.29-18.22.32:969][  0]LogSlate: Took 0.000332 seconds to synchronously load lazily loaded font '../../../Engine/Content/Slate/Fonts/Roboto-Light.ttf' (167K)
[2021.01.29-18.22.33:017][  1]LogAssetRegistry: Asset discovery search completed in 11.4147 seconds
[2021.01.29-18.22.33:026][  1]LogCollectionManager: Fixed up redirectors for 0 collections in 0.000017 seconds (updated 0 objects)
