Log file open, 01/30/21 12:32:23
LogWindows: Failed to load 'aqProf.dll' (GetLastError=126)
LogWindows: File 'aqProf.dll' does not exist
LogWindows: Failed to load 'VtuneApi.dll' (GetLastError=126)
LogWindows: File 'VtuneApi.dll' does not exist
LogWindows: Failed to load 'VtuneApi32e.dll' (GetLastError=126)
LogWindows: File 'VtuneApi32e.dll' does not exist
LogConsoleResponse: Display: Failed to find resolution value strings in scalability ini. Falling back to default.
LogInit: Display: Running engine for game: GlobalGameJam2021
LogPlatformFile: Not using cached read wrapper
LogTaskGraph: Started task graph with 5 named threads and 23 total threads with 3 sets of task threads.
LogStats: Stats thread started at 0.145097
LogD3D11RHI: Loaded GFSDK_Aftermath_Lib.x64.dll
LogICUInternationalization: ICU TimeZone Detection - Raw Offset: +0:00, Platform Override: ''
LogPluginManager: Mounting plugin Paper2D
LogPluginManager: Mounting plugin AISupport
LogPluginManager: Mounting plugin LightPropagationVolume
LogPluginManager: Mounting plugin ActorLayerUtilities
LogPluginManager: Mounting plugin AnimationSharing
LogPluginManager: Mounting plugin CLionSourceCodeAccess
LogPluginManager: Mounting plugin CodeLiteSourceCodeAccess
LogPluginManager: Mounting plugin GitSourceControl
LogPluginManager: Mounting plugin KDevelopSourceCodeAccess
LogPluginManager: Mounting plugin NullSourceCodeAccess
LogPluginManager: Mounting plugin PerforceSourceControl
LogPluginManager: Mounting plugin PlasticSourceControl
LogPluginManager: Mounting plugin SubversionSourceControl
LogPluginManager: Mounting plugin UObjectPlugin
LogPluginManager: Mounting plugin VisualStudioCodeSourceCodeAccess
LogPluginManager: Mounting plugin VisualStudioSourceCodeAccess
LogPluginManager: Mounting plugin XCodeSourceCodeAccess
LogPluginManager: Mounting plugin AssetManagerEditor
LogPluginManager: Mounting plugin CryptoKeys
LogPluginManager: Mounting plugin CurveEditorTools
LogPluginManager: Mounting plugin DataValidation
LogPluginManager: Mounting plugin FacialAnimation
LogPluginManager: Mounting plugin GameplayTagsEditor
LogPluginManager: Mounting plugin MacGraphicsSwitching
LogPluginManager: Mounting plugin MaterialAnalyzer
LogPluginManager: Mounting plugin MobileLauncherProfileWizard
LogPluginManager: Mounting plugin PluginBrowser
LogPluginManager: Mounting plugin SpeedTreeImporter
LogPluginManager: Mounting plugin DatasmithContent
LogPluginManager: Mounting plugin VariantManagerContent
LogPluginManager: Mounting plugin AlembicImporter
LogPluginManager: Mounting plugin AutomationUtils
LogPluginManager: Mounting plugin BackChannel
LogPluginManager: Mounting plugin CharacterAI
LogPluginManager: Mounting plugin GeometryCache
LogPluginManager: Mounting plugin PlatformCrypto
LogPluginManager: Mounting plugin ProxyLODPlugin
LogPluginManager: Mounting plugin SkeletalReduction
LogPluginManager: Mounting plugin MagicLeap
LogPluginManager: Mounting plugin MagicLeapMedia
LogPluginManager: Mounting plugin MLSDK
LogPluginManager: Mounting plugin AndroidMedia
LogPluginManager: Mounting plugin AvfMedia
LogPluginManager: Mounting plugin ImgMedia
LogPluginManager: Mounting plugin MediaCompositing
LogPluginManager: Mounting plugin MediaPlayerEditor
LogPluginManager: Mounting plugin WebMMedia
LogPluginManager: Mounting plugin WmfMedia
LogPluginManager: Mounting plugin TcpMessaging
LogPluginManager: Mounting plugin UdpMessaging
LogPluginManager: Mounting plugin ActorSequence
LogPluginManager: Mounting plugin LevelSequenceEditor
LogPluginManager: Mounting plugin MatineeToLevelSequence
LogPluginManager: Mounting plugin NetcodeUnitTest
LogPluginManager: Mounting plugin NUTUnrealEngine4
LogPluginManager: Mounting plugin OnlineSubsystemGooglePlay
LogPluginManager: Mounting plugin OnlineSubsystemIOS
LogPluginManager: Mounting plugin OnlineSubsystem
LogPluginManager: Mounting plugin OnlineSubsystemNull
LogPluginManager: Mounting plugin OnlineSubsystemUtils
LogPluginManager: Mounting plugin LauncherChunkInstaller
LogPluginManager: Mounting plugin AndroidDeviceProfileSelector
LogPluginManager: Mounting plugin AndroidMoviePlayer
LogPluginManager: Mounting plugin AndroidPermission
LogPluginManager: Mounting plugin AppleImageUtils
LogPluginManager: Mounting plugin AppleMoviePlayer
LogPluginManager: Mounting plugin ArchVisCharacter
LogPluginManager: Mounting plugin AssetTags
LogPluginManager: Mounting plugin AudioCapture
LogPluginManager: Mounting plugin CableComponent
LogPluginManager: Mounting plugin CustomMeshComponent
LogPluginManager: Mounting plugin EditableMesh
LogPluginManager: Mounting plugin ExampleDeviceProfileSelector
LogPluginManager: Mounting plugin GoogleCloudMessaging
LogPluginManager: Mounting plugin IOSDeviceProfileSelector
LogPluginManager: Mounting plugin LinuxDeviceProfileSelector
LogPluginManager: Mounting plugin LocationServicesBPLibrary
LogPluginManager: Mounting plugin MobilePatchingUtils
LogPluginManager: Mounting plugin OculusVR
LogPluginManager: Mounting plugin PhysXVehicles
LogPluginManager: Mounting plugin PostSplashScreen
LogPluginManager: Mounting plugin ProceduralMeshComponent
LogPluginManager: Mounting plugin RuntimePhysXCooking
LogPluginManager: Mounting plugin SignificanceManager
LogPluginManager: Mounting plugin SteamVR
LogPluginManager: Mounting plugin WebMMoviePlayer
LogPluginManager: Mounting plugin WindowsMoviePlayer
LogPluginManager: Mounting plugin ScreenshotTools
LogInit: Using libcurl 7.55.1-DEV
LogInit:  - built for x86_64-pc-win32
LogInit:  - supports SSL with OpenSSL/1.1.1
LogInit:  - supports HTTP deflate (compression) using libz 1.2.8
LogInit:  - other features:
LogInit:      CURL_VERSION_SSL
LogInit:      CURL_VERSION_LIBZ
LogInit:      CURL_VERSION_IPV6
LogInit:      CURL_VERSION_ASYNCHDNS
LogInit:      CURL_VERSION_LARGEFILE
LogInit:      CURL_VERSION_IDN
LogInit:  CurlRequestOptions (configurable via config and command line):
LogInit:  - bVerifyPeer = true  - Libcurl will verify peer certificate
LogInit:  - bUseHttpProxy = false  - Libcurl will NOT use HTTP proxy
LogInit:  - bDontReuseConnections = false  - Libcurl will reuse connections
LogInit:  - MaxHostConnections = 16  - Libcurl will limit the number of connections to a host
LogInit:  - LocalHostAddr = Default
LogInit:  - BufferSize = 65536
LogOnline: OSS: Creating online subsystem instance for: NULL
LogInit: WinSock: version 1.1 (2.2), MaxSocks=32767, MaxUdp=65467
LogOnline: OSS: TryLoadSubsystemAndSetDefault: Loaded subsystem for module [NULL]
LogInit: Build: ++UE4+Release-4.24-CL-11590370
LogInit: Engine Version: 4.24.3-11590370+++UE4+Release-4.24
LogInit: Compatible Engine Version: 4.24.0-10570792+++UE4+Release-4.24
LogInit: Net CL: 10570792
LogInit: OS: Windows 7 (Service Pack 1), CPU: AMD FX(tm)-8320 Eight-Core Processor           , GPU: NVIDIA GeForce GTX 750 Ti
LogInit: Compiled (64-bit): Feb 24 2020 15:39:18
LogInit: Compiled with Visual C++: 19.16.27032.01
LogInit: Build Configuration: Development
LogInit: Branch Name: ++UE4+Release-4.24
LogInit: Command Line: 
LogInit: Base Directory: C:/Program Files/Epic Games/UE_4.24/Engine/Binaries/Win64/
LogInit: Installed Engine Build: 1
LogDevObjectVersion: Number of dev versions registered: 25
LogDevObjectVersion:   Dev-Blueprints (B0D832E4-1F89-4F0D-ACCF-7EB736FD4AA2): 10
LogDevObjectVersion:   Dev-Build (E1C64328-A22C-4D53-A36C-8E866417BD8C): 0
LogDevObjectVersion:   Dev-Core (375EC13C-06E4-48FB-B500-84F0262A717E): 3
LogDevObjectVersion:   Dev-Editor (E4B068ED-F494-42E9-A231-DA0B2E46BB41): 37
LogDevObjectVersion:   Dev-Framework (CFFC743F-43B0-4480-9391-14DF171D2073): 36
LogDevObjectVersion:   Dev-Mobile (B02B49B5-BB20-44E9-A304-32B752E40360): 2
LogDevObjectVersion:   Dev-Networking (A4E4105C-59A1-49B5-A7C5-40C4547EDFEE): 0
LogDevObjectVersion:   Dev-Online (39C831C9-5AE6-47DC-9A44-9C173E1C8E7C): 0
LogDevObjectVersion:   Dev-Physics (78F01B33-EBEA-4F98-B9B4-84EACCB95AA2): 2
LogDevObjectVersion:   Dev-Platform (6631380F-2D4D-43E0-8009-CF276956A95A): 0
LogDevObjectVersion:   Dev-Rendering (12F88B9F-8875-4AFC-A67C-D90C383ABD29): 36
LogDevObjectVersion:   Dev-Sequencer (7B5AE74C-D270-4C10-A958-57980B212A5A): 11
LogDevObjectVersion:   Dev-VR (D7296918-1DD6-4BDD-9DE2-64A83CC13884): 2
LogDevObjectVersion:   Dev-LoadTimes (C2A15278-BFE7-4AFE-6C17-90FF531DF755): 1
LogDevObjectVersion:   Private-Geometry (6EACA3D4-40EC-4CC1-B786-8BED09428FC5): 3
LogDevObjectVersion:   Dev-AnimPhys (29E575DD-E0A3-4627-9D10-D276232CDCEA): 17
LogDevObjectVersion:   Dev-Anim (AF43A65D-7FD3-4947-9873-3E8ED9C1BB05): 2
LogDevObjectVersion:   Dev-ReflectionCapture (6B266CEC-1EC7-4B8F-A30B-E4D90942FC07): 1
LogDevObjectVersion:   Dev-Automation (0DF73D61-A23F-47EA-B727-89E90C41499A): 1
LogDevObjectVersion:   FortniteMain (601D1886-AC64-4F84-AA16-D3DE0DEAC7D6): 31
LogDevObjectVersion:   Dev-Enterprise (9DFFBCD6-494F-0158-E221-12823C92A888): 8
LogDevObjectVersion:   Dev-Niagara (F2AED0AC-9AFE-416F-8664-AA7FFA26D6FC): 1
LogDevObjectVersion:   Dev-Destruction (174F1F0B-B4C6-45A5-B13F-2EE8D0FB917D): 9
LogDevObjectVersion:   Dev-Physics-Ext (35F94A83-E258-406C-A318-09F59610247C): 8
LogDevObjectVersion:   Dev-CineCamera (B2E18506-4273-CFC2-A54E-F4BB758BBA07): 1
LogInit: Presizing for max 25165824 objects, including 0 objects not considered by GC, pre-allocating 0 bytes for permanent pool.
LogInit: Object subsystem initialized
LogConfig: Setting CVar [[con.DebugEarlyDefault:1]]
LogConfig: Setting CVar [[r.setres:1280x720]]
[2021.01.30-12.32.23:741][  0]LogConfig: Setting CVar [[r.VSync:0]]
[2021.01.30-12.32.23:741][  0]LogConfig: Setting CVar [[r.RHICmdBypass:0]]
[2021.01.30-12.32.23:742][  0]LogConfig: Applying CVar settings from Section [/Script/Engine.RendererSettings] File [C:/Users/User/Documents/Unreal Projects/GlobalGameJam2021/GlobalGameJam2021/Saved/Config/Windows/Engine.ini]
[2021.01.30-12.32.23:742][  0]LogConfig: Setting CVar [[r.GPUCrashDebugging:0]]
[2021.01.30-12.32.23:742][  0]LogConfig: Applying CVar settings from Section [/Script/Engine.RendererOverrideSettings] File [C:/Users/User/Documents/Unreal Projects/GlobalGameJam2021/GlobalGameJam2021/Saved/Config/Windows/Engine.ini]
[2021.01.30-12.32.23:742][  0]LogConfig: Applying CVar settings from Section [/Script/Engine.StreamingSettings] File [C:/Users/User/Documents/Unreal Projects/GlobalGameJam2021/GlobalGameJam2021/Saved/Config/Windows/Engine.ini]
[2021.01.30-12.32.23:742][  0]LogConfig: Setting CVar [[s.MinBulkDataSizeForAsyncLoading:131072]]
[2021.01.30-12.32.23:742][  0]LogConfig: Setting CVar [[s.AsyncLoadingThreadEnabled:0]]
[2021.01.30-12.32.23:742][  0]LogConfig: Setting CVar [[s.EventDrivenLoaderEnabled:1]]
[2021.01.30-12.32.23:742][  0]LogConfig: Setting CVar [[s.WarnIfTimeLimitExceeded:0]]
[2021.01.30-12.32.23:742][  0]LogConfig: Setting CVar [[s.TimeLimitExceededMultiplier:1.5]]
[2021.01.30-12.32.23:742][  0]LogConfig: Setting CVar [[s.TimeLimitExceededMinTime:0.005]]
[2021.01.30-12.32.23:742][  0]LogConfig: Setting CVar [[s.UseBackgroundLevelStreaming:1]]
[2021.01.30-12.32.23:742][  0]LogConfig: Setting CVar [[s.PriorityAsyncLoadingExtraTime:15.0]]
[2021.01.30-12.32.23:742][  0]LogConfig: Setting CVar [[s.LevelStreamingActorsUpdateTimeLimit:5.0]]
[2021.01.30-12.32.23:742][  0]LogConfig: Setting CVar [[s.PriorityLevelStreamingActorsUpdateExtraTime:5.0]]
[2021.01.30-12.32.23:742][  0]LogConfig: Setting CVar [[s.LevelStreamingComponentsRegistrationGranularity:10]]
[2021.01.30-12.32.23:742][  0]LogConfig: Setting CVar [[s.UnregisterComponentsTimeLimit:1.0]]
[2021.01.30-12.32.23:742][  0]LogConfig: Setting CVar [[s.LevelStreamingComponentsUnregistrationGranularity:5]]
[2021.01.30-12.32.23:742][  0]LogConfig: Setting CVar [[s.FlushStreamingOnExit:1]]
[2021.01.30-12.32.23:742][  0]LogConfig: Applying CVar settings from Section [/Script/Engine.GarbageCollectionSettings] File [C:/Users/User/Documents/Unreal Projects/GlobalGameJam2021/GlobalGameJam2021/Saved/Config/Windows/Engine.ini]
[2021.01.30-12.32.23:742][  0]LogConfig: Setting CVar [[gc.MaxObjectsNotConsideredByGC:1]]
[2021.01.30-12.32.23:743][  0]LogConfig: Setting CVar [[gc.SizeOfPermanentObjectPool:0]]
[2021.01.30-12.32.23:743][  0]LogConfig: Setting CVar [[gc.FlushStreamingOnGC:0]]
[2021.01.30-12.32.23:743][  0]LogConfig: Setting CVar [[gc.NumRetriesBeforeForcingGC:10]]
[2021.01.30-12.32.23:743][  0]LogConfig: Setting CVar [[gc.AllowParallelGC:1]]
[2021.01.30-12.32.23:743][  0]LogConfig: Setting CVar [[gc.TimeBetweenPurgingPendingKillObjects:61.1]]
[2021.01.30-12.32.23:743][  0]LogConfig: Setting CVar [[gc.MaxObjectsInEditor:25165824]]
[2021.01.30-12.32.23:743][  0]LogConfig: Setting CVar [[gc.IncrementalBeginDestroyEnabled:1]]
[2021.01.30-12.32.23:743][  0]LogConfig: Setting CVar [[gc.CreateGCClusters:1]]
[2021.01.30-12.32.23:743][  0]LogConfig: Setting CVar [[gc.MinGCClusterSize:5]]
[2021.01.30-12.32.23:743][  0]LogConfig: Setting CVar [[gc.ActorClusteringEnabled:0]]
[2021.01.30-12.32.23:743][  0]LogConfig: Setting CVar [[gc.BlueprintClusteringEnabled:0]]
[2021.01.30-12.32.23:743][  0]LogConfig: Setting CVar [[gc.UseDisregardForGCOnDedicatedServers:0]]
[2021.01.30-12.32.23:743][  0]LogConfig: Applying CVar settings from Section [/Script/Engine.NetworkSettings] File [C:/Users/User/Documents/Unreal Projects/GlobalGameJam2021/GlobalGameJam2021/Saved/Config/Windows/Engine.ini]
[2021.01.30-12.32.23:743][  0]LogConfig: Applying CVar settings from Section [/Script/UnrealEd.CookerSettings] File [C:/Users/User/Documents/Unreal Projects/GlobalGameJam2021/GlobalGameJam2021/Saved/Config/Windows/Engine.ini]
[2021.01.30-12.32.23:750][  0]LogConfig: Applying CVar settings from Section [ViewDistanceQuality@3] File [C:/Users/User/Documents/Unreal Projects/GlobalGameJam2021/GlobalGameJam2021/Saved/Config/Windows/Scalability.ini]
[2021.01.30-12.32.23:750][  0]LogConfig: Setting CVar [[r.SkeletalMeshLODBias:0]]
[2021.01.30-12.32.23:750][  0]LogConfig: Setting CVar [[r.ViewDistanceScale:1.0]]
[2021.01.30-12.32.23:750][  0]LogConfig: Applying CVar settings from Section [AntiAliasingQuality@3] File [C:/Users/User/Documents/Unreal Projects/GlobalGameJam2021/GlobalGameJam2021/Saved/Config/Windows/Scalability.ini]
[2021.01.30-12.32.23:750][  0]LogConfig: Setting CVar [[r.PostProcessAAQuality:4]]
[2021.01.30-12.32.23:751][  0]LogConfig: Applying CVar settings from Section [ShadowQuality@3] File [C:/Users/User/Documents/Unreal Projects/GlobalGameJam2021/GlobalGameJam2021/Saved/Config/Windows/Scalability.ini]
[2021.01.30-12.32.23:751][  0]LogConfig: Setting CVar [[r.LightFunctionQuality:1]]
[2021.01.30-12.32.23:751][  0]LogConfig: Setting CVar [[r.ShadowQuality:5]]
[2021.01.30-12.32.23:751][  0]LogConfig: Setting CVar [[r.Shadow.CSM.MaxCascades:10]]
[2021.01.30-12.32.23:751][  0]LogConfig: Setting CVar [[r.Shadow.MaxResolution:2048]]
[2021.01.30-12.32.23:751][  0]LogConfig: Setting CVar [[r.Shadow.MaxCSMResolution:2048]]
[2021.01.30-12.32.23:751][  0]LogConfig: Setting CVar [[r.Shadow.RadiusThreshold:0.01]]
[2021.01.30-12.32.23:751][  0]LogConfig: Setting CVar [[r.Shadow.DistanceScale:1.0]]
[2021.01.30-12.32.23:751][  0]LogConfig: Setting CVar [[r.Shadow.CSM.TransitionScale:1.0]]
[2021.01.30-12.32.23:751][  0]LogConfig: Setting CVar [[r.Shadow.PreShadowResolutionFactor:1.0]]
[2021.01.30-12.32.23:751][  0]LogConfig: Setting CVar [[r.DistanceFieldShadowing:1]]
[2021.01.30-12.32.23:751][  0]LogConfig: Setting CVar [[r.DistanceFieldAO:1]]
[2021.01.30-12.32.23:751][  0]LogConfig: Setting CVar [[r.AOQuality:2]]
[2021.01.30-12.32.23:751][  0]LogConfig: Setting CVar [[r.VolumetricFog:1]]
[2021.01.30-12.32.23:751][  0]LogConfig: Setting CVar [[r.VolumetricFog.GridPixelSize:8]]
[2021.01.30-12.32.23:751][  0]LogConfig: Setting CVar [[r.VolumetricFog.GridSizeZ:128]]
[2021.01.30-12.32.23:751][  0]LogConfig: Setting CVar [[r.VolumetricFog.HistoryMissSupersampleCount:4]]
[2021.01.30-12.32.23:751][  0]LogConfig: Setting CVar [[r.LightMaxDrawDistanceScale:1]]
[2021.01.30-12.32.23:751][  0]LogConfig: Setting CVar [[r.CapsuleShadows:1]]
[2021.01.30-12.32.23:752][  0]LogConfig: Applying CVar settings from Section [PostProcessQuality@3] File [C:/Users/User/Documents/Unreal Projects/GlobalGameJam2021/GlobalGameJam2021/Saved/Config/Windows/Scalability.ini]
[2021.01.30-12.32.23:752][  0]LogConfig: Setting CVar [[r.MotionBlurQuality:4]]
[2021.01.30-12.32.23:752][  0]LogConfig: Setting CVar [[r.AmbientOcclusionMipLevelFactor:0.4]]
[2021.01.30-12.32.23:752][  0]LogConfig: Setting CVar [[r.AmbientOcclusionMaxQuality:100]]
[2021.01.30-12.32.23:752][  0]LogConfig: Setting CVar [[r.AmbientOcclusionLevels:-1]]
[2021.01.30-12.32.23:752][  0]LogConfig: Setting CVar [[r.AmbientOcclusionRadiusScale:1.0]]
[2021.01.30-12.32.23:752][  0]LogConfig: Setting CVar [[r.DepthOfFieldQuality:2]]
[2021.01.30-12.32.23:752][  0]LogConfig: Setting CVar [[r.RenderTargetPoolMin:400]]
[2021.01.30-12.32.23:752][  0]LogConfig: Setting CVar [[r.LensFlareQuality:2]]
[2021.01.30-12.32.23:752][  0]LogConfig: Setting CVar [[r.SceneColorFringeQuality:1]]
[2021.01.30-12.32.23:752][  0]LogConfig: Setting CVar [[r.EyeAdaptationQuality:2]]
[2021.01.30-12.32.23:752][  0]LogConfig: Setting CVar [[r.BloomQuality:5]]
[2021.01.30-12.32.23:752][  0]LogConfig: Setting CVar [[r.FastBlurThreshold:100]]
[2021.01.30-12.32.23:752][  0]LogConfig: Setting CVar [[r.Upscale.Quality:3]]
[2021.01.30-12.32.23:752][  0]LogConfig: Setting CVar [[r.Tonemapper.GrainQuantization:1]]
[2021.01.30-12.32.23:752][  0]LogConfig: Setting CVar [[r.LightShaftQuality:1]]
[2021.01.30-12.32.23:752][  0]LogConfig: Setting CVar [[r.Filter.SizeScale:1]]
[2021.01.30-12.32.23:752][  0]LogConfig: Setting CVar [[r.Tonemapper.Quality:5]]
[2021.01.30-12.32.23:752][  0]LogConfig: Setting CVar [[r.DOF.Gather.AccumulatorQuality:1        ; higher gathering accumulator quality]]
[2021.01.30-12.32.23:752][  0]LogConfig: Setting CVar [[r.DOF.Gather.PostfilterMethod:1          ; Median3x3 postfilering method]]
[2021.01.30-12.32.23:752][  0]LogConfig: Setting CVar [[r.DOF.Gather.EnableBokehSettings:0       ; no bokeh simulation when gathering]]
[2021.01.30-12.32.23:753][  0]LogConfig: Setting CVar [[r.DOF.Gather.RingCount:4                 ; medium number of samples when gathering]]
[2021.01.30-12.32.23:753][  0]LogConfig: Setting CVar [[r.DOF.Scatter.ForegroundCompositing:1    ; additive foreground scattering]]
[2021.01.30-12.32.23:753][  0]LogConfig: Setting CVar [[r.DOF.Scatter.BackgroundCompositing:2    ; additive background scattering]]
[2021.01.30-12.32.23:753][  0]LogConfig: Setting CVar [[r.DOF.Scatter.EnableBokehSettings:1      ; bokeh simulation when scattering]]
[2021.01.30-12.32.23:753][  0]LogConfig: Setting CVar [[r.DOF.Scatter.MaxSpriteRatio:0.1         ; only a maximum of 10% of scattered bokeh]]
[2021.01.30-12.32.23:753][  0]LogConfig: Setting CVar [[r.DOF.Recombine.Quality:1                ; cheap slight out of focus]]
[2021.01.30-12.32.23:753][  0]LogConfig: Setting CVar [[r.DOF.Recombine.EnableBokehSettings:0    ; no bokeh simulation on slight out of focus]]
[2021.01.30-12.32.23:753][  0]LogConfig: Setting CVar [[r.DOF.TemporalAAQuality:1                ; more stable temporal accumulation]]
[2021.01.30-12.32.23:753][  0]LogConfig: Setting CVar [[r.DOF.Kernel.MaxForegroundRadius:0.025]]
[2021.01.30-12.32.23:753][  0]LogConfig: Setting CVar [[r.DOF.Kernel.MaxBackgroundRadius:0.025]]
[2021.01.30-12.32.23:753][  0]LogConfig: Applying CVar settings from Section [TextureQuality@3] File [C:/Users/User/Documents/Unreal Projects/GlobalGameJam2021/GlobalGameJam2021/Saved/Config/Windows/Scalability.ini]
[2021.01.30-12.32.23:753][  0]LogConfig: Setting CVar [[r.Streaming.MipBias:0]]
[2021.01.30-12.32.23:753][  0]LogConfig: Setting CVar [[r.Streaming.AmortizeCPUToGPUCopy:0]]
[2021.01.30-12.32.23:753][  0]LogConfig: Setting CVar [[r.Streaming.MaxNumTexturesToStreamPerFrame:0]]
[2021.01.30-12.32.23:753][  0]LogConfig: Setting CVar [[r.Streaming.Boost:1]]
[2021.01.30-12.32.23:753][  0]LogConfig: Setting CVar [[r.MaxAnisotropy:8]]
[2021.01.30-12.32.23:753][  0]LogConfig: Setting CVar [[r.VT.MaxAnisotropy:8]]
[2021.01.30-12.32.23:753][  0]LogConfig: Setting CVar [[r.Streaming.LimitPoolSizeToVRAM:0]]
[2021.01.30-12.32.23:753][  0]LogConfig: Setting CVar [[r.Streaming.PoolSize:1000]]
[2021.01.30-12.32.23:753][  0]LogConfig: Setting CVar [[r.Streaming.MaxEffectiveScreenSize:0]]
[2021.01.30-12.32.23:753][  0]LogConfig: Applying CVar settings from Section [EffectsQuality@3] File [C:/Users/User/Documents/Unreal Projects/GlobalGameJam2021/GlobalGameJam2021/Saved/Config/Windows/Scalability.ini]
[2021.01.30-12.32.23:754][  0]LogConfig: Setting CVar [[r.TranslucencyLightingVolumeDim:64]]
[2021.01.30-12.32.23:754][  0]LogConfig: Setting CVar [[r.RefractionQuality:2]]
[2021.01.30-12.32.23:754][  0]LogConfig: Setting CVar [[r.SSR.Quality:3]]
[2021.01.30-12.32.23:754][  0]LogConfig: Setting CVar [[r.SSR.HalfResSceneColor:0]]
[2021.01.30-12.32.23:754][  0]LogConfig: Setting CVar [[r.SceneColorFormat:4]]
[2021.01.30-12.32.23:754][  0]LogConfig: Setting CVar [[r.DetailMode:2]]
[2021.01.30-12.32.23:754][  0]LogConfig: Setting CVar [[r.TranslucencyVolumeBlur:1]]
[2021.01.30-12.32.23:754][  0]LogConfig: Setting CVar [[r.MaterialQualityLevel:1 ; High quality]]
[2021.01.30-12.32.23:754][  0]LogConfig: Setting CVar [[r.SSS.Scale:1]]
[2021.01.30-12.32.23:754][  0]LogConfig: Setting CVar [[r.SSS.SampleSet:2]]
[2021.01.30-12.32.23:754][  0]LogConfig: Setting CVar [[r.SSS.Quality:1]]
[2021.01.30-12.32.23:754][  0]LogConfig: Setting CVar [[r.SSS.HalfRes:1]]
[2021.01.30-12.32.23:754][  0]LogConfig: Setting CVar [[r.SSGI.Quality:3]]
[2021.01.30-12.32.23:754][  0]LogConfig: Setting CVar [[r.EmitterSpawnRateScale:1.0]]
[2021.01.30-12.32.23:754][  0]LogConfig: Setting CVar [[r.ParticleLightQuality:2]]
[2021.01.30-12.32.23:754][  0]LogConfig: Setting CVar [[r.SkyAtmosphere.AerialPerspectiveLUT.FastApplyOnOpaque:1 ; Always have FastSkyLUT 1 in this case to avoid wrong sky]]
[2021.01.30-12.32.23:754][  0]LogConfig: Setting CVar [[r.SkyAtmosphere.AerialPerspectiveLUT.SampleCountPerSlice:1]]
[2021.01.30-12.32.23:754][  0]LogConfig: Setting CVar [[r.SkyAtmosphere.AerialPerspectiveLUT.DepthResolution:16.0]]
[2021.01.30-12.32.23:754][  0]LogConfig: Setting CVar [[r.SkyAtmosphere.FastSkyLUT:1]]
[2021.01.30-12.32.23:754][  0]LogConfig: Setting CVar [[r.SkyAtmosphere.FastSkyLUT.SampleCountMin:4.0]]
[2021.01.30-12.32.23:754][  0]LogConfig: Setting CVar [[r.SkyAtmosphere.FastSkyLUT.SampleCountMax:32.0]]
[2021.01.30-12.32.23:754][  0]LogConfig: Setting CVar [[r.SkyAtmosphere.SampleCountMin:4.0]]
[2021.01.30-12.32.23:755][  0]LogConfig: Setting CVar [[r.SkyAtmosphere.SampleCountMax:32.0]]
[2021.01.30-12.32.23:755][  0]LogConfig: Setting CVar [[r.SkyAtmosphere.TransmittanceLUT.UseSmallFormat:0]]
[2021.01.30-12.32.23:755][  0]LogConfig: Setting CVar [[r.SkyAtmosphere.TransmittanceLUT.SampleCount:10.0]]
[2021.01.30-12.32.23:755][  0]LogConfig: Setting CVar [[r.SkyAtmosphere.MultiScatteringLUT.SampleCount:15.0]]
[2021.01.30-12.32.23:755][  0]LogConfig: Applying CVar settings from Section [FoliageQuality@3] File [C:/Users/User/Documents/Unreal Projects/GlobalGameJam2021/GlobalGameJam2021/Saved/Config/Windows/Scalability.ini]
[2021.01.30-12.32.23:755][  0]LogConfig: Setting CVar [[foliage.DensityScale:1.0]]
[2021.01.30-12.32.23:755][  0]LogConfig: Setting CVar [[grass.DensityScale:1.0]]
[2021.01.30-12.32.23:755][  0]LogConfig: Applying CVar settings from Section [ShadingQuality@3] File [C:/Users/User/Documents/Unreal Projects/GlobalGameJam2021/GlobalGameJam2021/Saved/Config/Windows/Scalability.ini]
[2021.01.30-12.32.23:755][  0]LogConfig: Setting CVar [[r.HairStrands.SkyLighting.SampleCount:16]]
[2021.01.30-12.32.23:755][  0]LogConfig: Setting CVar [[r.HairStrands.SkyLighting.JitterIntegration:0]]
[2021.01.30-12.32.23:755][  0]LogConfig: Setting CVar [[r.HairStrands.SkyAO.SampleCount:16]]
[2021.01.30-12.32.23:755][  0]LogInit: Selected Device Profile: [Windows]
[2021.01.30-12.32.23:755][  0]LogInit: Applying CVar settings loaded from the selected device profile: [Windows]
[2021.01.30-12.32.23:760][  0]LogHAL: Display: Platform has ~ 16 GB [17138692096 / 17179869184 / 16], which maps to Larger [LargestMinGB=32, LargerMinGB=12, DefaultMinGB=8, SmallerMinGB=6, SmallestMinGB=0)
[2021.01.30-12.32.23:761][  0]LogInit: Going up to parent DeviceProfile []
[2021.01.30-12.32.23:761][  0]LogConfig: Applying CVar settings from Section [ViewDistanceQuality@3] File [C:/Users/User/Documents/Unreal Projects/GlobalGameJam2021/GlobalGameJam2021/Saved/Config/Windows/Scalability.ini]
[2021.01.30-12.32.23:761][  0]LogConfig: Setting CVar [[r.SkeletalMeshLODBias:0]]
[2021.01.30-12.32.23:761][  0]LogConfig: Setting CVar [[r.ViewDistanceScale:1.0]]
[2021.01.30-12.32.23:761][  0]LogConfig: Applying CVar settings from Section [AntiAliasingQuality@3] File [C:/Users/User/Documents/Unreal Projects/GlobalGameJam2021/GlobalGameJam2021/Saved/Config/Windows/Scalability.ini]
[2021.01.30-12.32.23:761][  0]LogConfig: Setting CVar [[r.PostProcessAAQuality:4]]
[2021.01.30-12.32.23:761][  0]LogConfig: Applying CVar settings from Section [ShadowQuality@3] File [C:/Users/User/Documents/Unreal Projects/GlobalGameJam2021/GlobalGameJam2021/Saved/Config/Windows/Scalability.ini]
[2021.01.30-12.32.23:761][  0]LogConfig: Setting CVar [[r.LightFunctionQuality:1]]
[2021.01.30-12.32.23:761][  0]LogConfig: Setting CVar [[r.ShadowQuality:5]]
[2021.01.30-12.32.23:761][  0]LogConfig: Setting CVar [[r.Shadow.CSM.MaxCascades:10]]
[2021.01.30-12.32.23:761][  0]LogConfig: Setting CVar [[r.Shadow.MaxResolution:2048]]
[2021.01.30-12.32.23:761][  0]LogConfig: Setting CVar [[r.Shadow.MaxCSMResolution:2048]]
[2021.01.30-12.32.23:761][  0]LogConfig: Setting CVar [[r.Shadow.RadiusThreshold:0.01]]
[2021.01.30-12.32.23:761][  0]LogConfig: Setting CVar [[r.Shadow.DistanceScale:1.0]]
[2021.01.30-12.32.23:761][  0]LogConfig: Setting CVar [[r.Shadow.CSM.TransitionScale:1.0]]
[2021.01.30-12.32.23:761][  0]LogConfig: Setting CVar [[r.Shadow.PreShadowResolutionFactor:1.0]]
[2021.01.30-12.32.23:761][  0]LogConfig: Setting CVar [[r.DistanceFieldShadowing:1]]
[2021.01.30-12.32.23:761][  0]LogConfig: Setting CVar [[r.DistanceFieldAO:1]]
[2021.01.30-12.32.23:761][  0]LogConfig: Setting CVar [[r.AOQuality:2]]
[2021.01.30-12.32.23:762][  0]LogConfig: Setting CVar [[r.VolumetricFog:1]]
[2021.01.30-12.32.23:762][  0]LogConfig: Setting CVar [[r.VolumetricFog.GridPixelSize:8]]
[2021.01.30-12.32.23:762][  0]LogConfig: Setting CVar [[r.VolumetricFog.GridSizeZ:128]]
[2021.01.30-12.32.23:762][  0]LogConfig: Setting CVar [[r.VolumetricFog.HistoryMissSupersampleCount:4]]
[2021.01.30-12.32.23:762][  0]LogConfig: Setting CVar [[r.LightMaxDrawDistanceScale:1]]
[2021.01.30-12.32.23:762][  0]LogConfig: Setting CVar [[r.CapsuleShadows:1]]
[2021.01.30-12.32.23:762][  0]LogConfig: Applying CVar settings from Section [PostProcessQuality@3] File [C:/Users/User/Documents/Unreal Projects/GlobalGameJam2021/GlobalGameJam2021/Saved/Config/Windows/Scalability.ini]
[2021.01.30-12.32.23:762][  0]LogConfig: Setting CVar [[r.MotionBlurQuality:4]]
[2021.01.30-12.32.23:762][  0]LogConfig: Setting CVar [[r.AmbientOcclusionMipLevelFactor:0.4]]
[2021.01.30-12.32.23:762][  0]LogConfig: Setting CVar [[r.AmbientOcclusionMaxQuality:100]]
[2021.01.30-12.32.23:762][  0]LogConfig: Setting CVar [[r.AmbientOcclusionLevels:-1]]
[2021.01.30-12.32.23:762][  0]LogConfig: Setting CVar [[r.AmbientOcclusionRadiusScale:1.0]]
[2021.01.30-12.32.23:762][  0]LogConfig: Setting CVar [[r.DepthOfFieldQuality:2]]
[2021.01.30-12.32.23:762][  0]LogConfig: Setting CVar [[r.RenderTargetPoolMin:400]]
[2021.01.30-12.32.23:762][  0]LogConfig: Setting CVar [[r.LensFlareQuality:2]]
[2021.01.30-12.32.23:762][  0]LogConfig: Setting CVar [[r.SceneColorFringeQuality:1]]
[2021.01.30-12.32.23:762][  0]LogConfig: Setting CVar [[r.EyeAdaptationQuality:2]]
[2021.01.30-12.32.23:762][  0]LogConfig: Setting CVar [[r.BloomQuality:5]]
[2021.01.30-12.32.23:762][  0]LogConfig: Setting CVar [[r.FastBlurThreshold:100]]
[2021.01.30-12.32.23:762][  0]LogConfig: Setting CVar [[r.Upscale.Quality:3]]
[2021.01.30-12.32.23:762][  0]LogConfig: Setting CVar [[r.Tonemapper.GrainQuantization:1]]
[2021.01.30-12.32.23:762][  0]LogConfig: Setting CVar [[r.LightShaftQuality:1]]
[2021.01.30-12.32.23:763][  0]LogConfig: Setting CVar [[r.Filter.SizeScale:1]]
[2021.01.30-12.32.23:763][  0]LogConfig: Setting CVar [[r.Tonemapper.Quality:5]]
[2021.01.30-12.32.23:763][  0]LogConfig: Setting CVar [[r.DOF.Gather.AccumulatorQuality:1        ; higher gathering accumulator quality]]
[2021.01.30-12.32.23:763][  0]LogConfig: Setting CVar [[r.DOF.Gather.PostfilterMethod:1          ; Median3x3 postfilering method]]
[2021.01.30-12.32.23:763][  0]LogConfig: Setting CVar [[r.DOF.Gather.EnableBokehSettings:0       ; no bokeh simulation when gathering]]
[2021.01.30-12.32.23:763][  0]LogConfig: Setting CVar [[r.DOF.Gather.RingCount:4                 ; medium number of samples when gathering]]
[2021.01.30-12.32.23:763][  0]LogConfig: Setting CVar [[r.DOF.Scatter.ForegroundCompositing:1    ; additive foreground scattering]]
[2021.01.30-12.32.23:763][  0]LogConfig: Setting CVar [[r.DOF.Scatter.BackgroundCompositing:2    ; additive background scattering]]
[2021.01.30-12.32.23:763][  0]LogConfig: Setting CVar [[r.DOF.Scatter.EnableBokehSettings:1      ; bokeh simulation when scattering]]
[2021.01.30-12.32.23:763][  0]LogConfig: Setting CVar [[r.DOF.Scatter.MaxSpriteRatio:0.1         ; only a maximum of 10% of scattered bokeh]]
[2021.01.30-12.32.23:763][  0]LogConfig: Setting CVar [[r.DOF.Recombine.Quality:1                ; cheap slight out of focus]]
[2021.01.30-12.32.23:763][  0]LogConfig: Setting CVar [[r.DOF.Recombine.EnableBokehSettings:0    ; no bokeh simulation on slight out of focus]]
[2021.01.30-12.32.23:763][  0]LogConfig: Setting CVar [[r.DOF.TemporalAAQuality:1                ; more stable temporal accumulation]]
[2021.01.30-12.32.23:763][  0]LogConfig: Setting CVar [[r.DOF.Kernel.MaxForegroundRadius:0.025]]
[2021.01.30-12.32.23:763][  0]LogConfig: Setting CVar [[r.DOF.Kernel.MaxBackgroundRadius:0.025]]
[2021.01.30-12.32.23:763][  0]LogConfig: Applying CVar settings from Section [TextureQuality@3] File [C:/Users/User/Documents/Unreal Projects/GlobalGameJam2021/GlobalGameJam2021/Saved/Config/Windows/Scalability.ini]
[2021.01.30-12.32.23:763][  0]LogConfig: Setting CVar [[r.Streaming.MipBias:0]]
[2021.01.30-12.32.23:763][  0]LogConfig: Setting CVar [[r.Streaming.AmortizeCPUToGPUCopy:0]]
[2021.01.30-12.32.23:763][  0]LogConfig: Setting CVar [[r.Streaming.MaxNumTexturesToStreamPerFrame:0]]
[2021.01.30-12.32.23:763][  0]LogConfig: Setting CVar [[r.Streaming.Boost:1]]
[2021.01.30-12.32.23:763][  0]LogConfig: Setting CVar [[r.MaxAnisotropy:8]]
[2021.01.30-12.32.23:763][  0]LogConfig: Setting CVar [[r.VT.MaxAnisotropy:8]]
[2021.01.30-12.32.23:764][  0]LogConfig: Setting CVar [[r.Streaming.LimitPoolSizeToVRAM:0]]
[2021.01.30-12.32.23:764][  0]LogConfig: Setting CVar [[r.Streaming.PoolSize:1000]]
[2021.01.30-12.32.23:764][  0]LogConfig: Setting CVar [[r.Streaming.MaxEffectiveScreenSize:0]]
[2021.01.30-12.32.23:764][  0]LogConfig: Applying CVar settings from Section [EffectsQuality@3] File [C:/Users/User/Documents/Unreal Projects/GlobalGameJam2021/GlobalGameJam2021/Saved/Config/Windows/Scalability.ini]
[2021.01.30-12.32.23:764][  0]LogConfig: Setting CVar [[r.TranslucencyLightingVolumeDim:64]]
[2021.01.30-12.32.23:764][  0]LogConfig: Setting CVar [[r.RefractionQuality:2]]
[2021.01.30-12.32.23:764][  0]LogConfig: Setting CVar [[r.SSR.Quality:3]]
[2021.01.30-12.32.23:764][  0]LogConfig: Setting CVar [[r.SSR.HalfResSceneColor:0]]
[2021.01.30-12.32.23:764][  0]LogConfig: Setting CVar [[r.SceneColorFormat:4]]
[2021.01.30-12.32.23:764][  0]LogConfig: Setting CVar [[r.DetailMode:2]]
[2021.01.30-12.32.23:764][  0]LogConfig: Setting CVar [[r.TranslucencyVolumeBlur:1]]
[2021.01.30-12.32.23:764][  0]LogConfig: Setting CVar [[r.MaterialQualityLevel:1 ; High quality]]
[2021.01.30-12.32.23:764][  0]LogConfig: Setting CVar [[r.SSS.Scale:1]]
[2021.01.30-12.32.23:764][  0]LogConfig: Setting CVar [[r.SSS.SampleSet:2]]
[2021.01.30-12.32.23:764][  0]LogConfig: Setting CVar [[r.SSS.Quality:1]]
[2021.01.30-12.32.23:764][  0]LogConfig: Setting CVar [[r.SSS.HalfRes:1]]
[2021.01.30-12.32.23:764][  0]LogConfig: Setting CVar [[r.SSGI.Quality:3]]
[2021.01.30-12.32.23:764][  0]LogConfig: Setting CVar [[r.EmitterSpawnRateScale:1.0]]
[2021.01.30-12.32.23:764][  0]LogConfig: Setting CVar [[r.ParticleLightQuality:2]]
[2021.01.30-12.32.23:764][  0]LogConfig: Setting CVar [[r.SkyAtmosphere.AerialPerspectiveLUT.FastApplyOnOpaque:1 ; Always have FastSkyLUT 1 in this case to avoid wrong sky]]
[2021.01.30-12.32.23:764][  0]LogConfig: Setting CVar [[r.SkyAtmosphere.AerialPerspectiveLUT.SampleCountPerSlice:1]]
[2021.01.30-12.32.23:764][  0]LogConfig: Setting CVar [[r.SkyAtmosphere.AerialPerspectiveLUT.DepthResolution:16.0]]
[2021.01.30-12.32.23:765][  0]LogConfig: Setting CVar [[r.SkyAtmosphere.FastSkyLUT:1]]
[2021.01.30-12.32.23:765][  0]LogConfig: Setting CVar [[r.SkyAtmosphere.FastSkyLUT.SampleCountMin:4.0]]
[2021.01.30-12.32.23:765][  0]LogConfig: Setting CVar [[r.SkyAtmosphere.FastSkyLUT.SampleCountMax:32.0]]
[2021.01.30-12.32.23:765][  0]LogConfig: Setting CVar [[r.SkyAtmosphere.SampleCountMin:4.0]]
[2021.01.30-12.32.23:765][  0]LogConfig: Setting CVar [[r.SkyAtmosphere.SampleCountMax:32.0]]
[2021.01.30-12.32.23:765][  0]LogConfig: Setting CVar [[r.SkyAtmosphere.TransmittanceLUT.UseSmallFormat:0]]
[2021.01.30-12.32.23:765][  0]LogConfig: Setting CVar [[r.SkyAtmosphere.TransmittanceLUT.SampleCount:10.0]]
[2021.01.30-12.32.23:765][  0]LogConfig: Setting CVar [[r.SkyAtmosphere.MultiScatteringLUT.SampleCount:15.0]]
[2021.01.30-12.32.23:765][  0]LogConfig: Applying CVar settings from Section [FoliageQuality@3] File [C:/Users/User/Documents/Unreal Projects/GlobalGameJam2021/GlobalGameJam2021/Saved/Config/Windows/Scalability.ini]
[2021.01.30-12.32.23:765][  0]LogConfig: Setting CVar [[foliage.DensityScale:1.0]]
[2021.01.30-12.32.23:765][  0]LogConfig: Setting CVar [[grass.DensityScale:1.0]]
[2021.01.30-12.32.23:765][  0]LogConfig: Applying CVar settings from Section [ShadingQuality@3] File [C:/Users/User/Documents/Unreal Projects/GlobalGameJam2021/GlobalGameJam2021/Saved/Config/Windows/Scalability.ini]
[2021.01.30-12.32.23:765][  0]LogConfig: Setting CVar [[r.HairStrands.SkyLighting.SampleCount:16]]
[2021.01.30-12.32.23:765][  0]LogConfig: Setting CVar [[r.HairStrands.SkyLighting.JitterIntegration:0]]
[2021.01.30-12.32.23:765][  0]LogConfig: Setting CVar [[r.HairStrands.SkyAO.SampleCount:16]]
[2021.01.30-12.32.23:765][  0]LogConfig: Applying CVar settings from Section [Startup] File [../../../Engine/Config/ConsoleVariables.ini]
[2021.01.30-12.32.23:766][  0]LogConfig: Setting CVar [[net.UseAdaptiveNetUpdateFrequency:0]]
[2021.01.30-12.32.23:766][  0]LogConfig: Setting CVar [[p.chaos.AllowCreatePhysxBodies:1]]
[2021.01.30-12.32.23:766][  0]LogConfig: Applying CVar settings from Section [ConsoleVariables] File [C:/Users/User/Documents/Unreal Projects/GlobalGameJam2021/GlobalGameJam2021/Saved/Config/Windows/Engine.ini]
[2021.01.30-12.32.23:766][  0]LogInit: Computer: KUSUNAGI
[2021.01.30-12.32.23:766][  0]LogInit: User: User
[2021.01.30-12.32.23:766][  0]LogInit: CPU Page size=4096, Cores=4
[2021.01.30-12.32.23:766][  0]LogInit: High frequency timer resolution =3.433740 MHz
[2021.01.30-12.32.23:767][  0]LogMemory: Memory total: Physical=16.0GB (16GB approx)
[2021.01.30-12.32.23:767][  0]LogMemory: Platform Memory Stats for Windows
[2021.01.30-12.32.23:767][  0]LogMemory: Process Physical Memory: 107.67 MB used, 107.67 MB peak
[2021.01.30-12.32.23:767][  0]LogMemory: Process Virtual Memory: 105.24 MB used, 105.25 MB peak
[2021.01.30-12.32.23:767][  0]LogMemory: Physical Memory: 6393.79 MB used,  9950.95 MB free, 16344.73 MB total
[2021.01.30-12.32.23:767][  0]LogMemory: Virtual Memory: 1025.70 MB used,  8387582.00 MB free, 8388608.00 MB total
[2021.01.30-12.32.23:789][  0]LogWindows: WindowsPlatformFeatures enabled
[2021.01.30-12.32.25:686][  0]LogInit: Using OS detected language (en-GB).
[2021.01.30-12.32.25:686][  0]LogInit: Using OS detected locale (en-GB).
[2021.01.30-12.32.25:772][  0]LogTextLocalizationManager: No specific localization for 'en-GB' exists, so the 'en' localization will be used.
[2021.01.30-12.32.26:712][  0]LogWindows: Failed to load 'shcore.dll' (GetLastError=126)
[2021.01.30-12.32.26:713][  0]LogWindows: File 'shcore.dll' does not exist
[2021.01.30-12.32.26:713][  0]LogInit: Setting process to DPI aware
[2021.01.30-12.32.27:896][  0]LogSlate: New Slate User Created.  User Index 0, Is Virtual User: 0
[2021.01.30-12.32.27:896][  0]LogSlate: Slate User Registered.  User Index 0, Is Virtual User: 0
[2021.01.30-12.32.29:913][  0]LogHMD: Failed to initialize OpenVR with code 110
[2021.01.30-12.32.29:913][  0]LogD3D11RHI: D3D11 min allowed feature level: 11_0
[2021.01.30-12.32.29:913][  0]LogD3D11RHI: D3D11 max allowed feature level: 11_0
[2021.01.30-12.32.29:913][  0]LogD3D11RHI: D3D11 adapters:
[2021.01.30-12.32.29:963][  0]LogD3D11RHI:    0. 'NVIDIA GeForce GTX 750 Ti' (Feature Level 11_0)
[2021.01.30-12.32.29:963][  0]LogD3D11RHI:       1993/0/7916 MB DedicatedVideo/DedicatedSystem/SharedSystem, Outputs:1, VendorId:0x10de
[2021.01.30-12.32.29:963][  0]LogD3D11RHI: Chosen D3D11 Adapter: 0
[2021.01.30-12.32.29:999][  0]LogD3D11RHI: Creating new Direct3DDevice
[2021.01.30-12.32.29:999][  0]LogD3D11RHI:     GPU DeviceId: 0x1380 (for the marketing name, search the web for "GPU Device Id")
[2021.01.30-12.32.29:999][  0]LogWindows: EnumDisplayDevices:
[2021.01.30-12.32.30:000][  0]LogWindows:    0. 'NVIDIA GeForce GTX 750 Ti' (P:1 D:1)
[2021.01.30-12.32.30:001][  0]LogWindows:    1. 'NVIDIA GeForce GTX 750 Ti' (P:0 D:0)
[2021.01.30-12.32.30:002][  0]LogWindows:    2. 'NVIDIA GeForce GTX 750 Ti' (P:0 D:0)
[2021.01.30-12.32.30:004][  0]LogWindows:    3. 'NVIDIA GeForce GTX 750 Ti' (P:0 D:0)
[2021.01.30-12.32.30:004][  0]LogWindows:    4. 'RDPDD Chained DD' (P:0 D:0)
[2021.01.30-12.32.30:005][  0]LogWindows:    5. 'RDP Encoder Mirror Driver' (P:0 D:0)
[2021.01.30-12.32.30:005][  0]LogWindows:    6. 'RDP Reflector Display Driver' (P:0 D:0)
[2021.01.30-12.32.30:006][  0]LogWindows: DebugString: GetVideoDriverDetailsInvalid PrimaryIsNotTheChoosenAdapter GetVideoDriverDetailsInvalid PrimaryIsNotTheChoosenAdapter GetVideoDriverDetailsInvalid PrimaryIsNotTheChoosenAdapter FoundDriverCount:4 
[2021.01.30-12.32.30:006][  0]LogD3D11RHI:     Adapter Name: NVIDIA GeForce GTX 750 Ti
[2021.01.30-12.32.30:006][  0]LogD3D11RHI:   Driver Version: 388.13 (internal:23.21.13.8813, unified:388.13)
[2021.01.30-12.32.30:006][  0]LogD3D11RHI:      Driver Date: 10-27-2017
[2021.01.30-12.32.30:006][  0]LogRHI: Texture pool is 1395 MB (70% of 1993 MB)
[2021.01.30-12.32.30:057][  0]LogD3D11RHI: RHI has support for 64 bit atomics
[2021.01.30-12.32.30:057][  0]LogD3D11RHI: Async texture creation enabled
[2021.01.30-12.32.30:390][  0]LogD3D11RHI: GPU Timing Frequency: 1000.000000 (Debug: 2 2)
[2021.01.30-12.32.33:058][  0]LogTargetPlatformManager: Display: Loaded TargetPlatform 'AllDesktop'
[2021.01.30-12.32.33:125][  0]LogTargetPlatformManager: Display: Loaded TargetPlatform 'Android'
[2021.01.30-12.32.33:125][  0]LogTargetPlatformManager: Display: Loaded TargetPlatform 'Android_ASTC'
[2021.01.30-12.32.33:125][  0]LogTargetPlatformManager: Display: Loaded TargetPlatform 'Android_ATC'
[2021.01.30-12.32.33:125][  0]LogTargetPlatformManager: Display: Loaded TargetPlatform 'Android_DXT'
[2021.01.30-12.32.33:125][  0]LogTargetPlatformManager: Display: Loaded TargetPlatform 'Android_ETC1'
[2021.01.30-12.32.33:126][  0]LogTargetPlatformManager: Display: Loaded TargetPlatform 'Android_ETC1a'
[2021.01.30-12.32.33:126][  0]LogTargetPlatformManager: Display: Loaded TargetPlatform 'Android_ETC2'
[2021.01.30-12.32.33:126][  0]LogTargetPlatformManager: Display: Loaded TargetPlatform 'Android_PVRTC'
[2021.01.30-12.32.33:126][  0]LogTargetPlatformManager: Display: Loaded TargetPlatform 'AndroidClient'
[2021.01.30-12.32.33:126][  0]LogTargetPlatformManager: Display: Loaded TargetPlatform 'Android_ASTCClient'
[2021.01.30-12.32.33:126][  0]LogTargetPlatformManager: Display: Loaded TargetPlatform 'Android_ATCClient'
[2021.01.30-12.32.33:126][  0]LogTargetPlatformManager: Display: Loaded TargetPlatform 'Android_DXTClient'
[2021.01.30-12.32.33:126][  0]LogTargetPlatformManager: Display: Loaded TargetPlatform 'Android_ETC1Client'
[2021.01.30-12.32.33:126][  0]LogTargetPlatformManager: Display: Loaded TargetPlatform 'Android_ETC1aClient'
[2021.01.30-12.32.33:126][  0]LogTargetPlatformManager: Display: Loaded TargetPlatform 'Android_ETC2Client'
[2021.01.30-12.32.33:126][  0]LogTargetPlatformManager: Display: Loaded TargetPlatform 'Android_PVRTCClient'
[2021.01.30-12.32.33:126][  0]LogTargetPlatformManager: Display: Loaded TargetPlatform 'Android_Multi'
[2021.01.30-12.32.33:126][  0]LogTargetPlatformManager: Display: Loaded TargetPlatform 'Android_MultiClient'
[2021.01.30-12.32.33:283][  0]LogTargetPlatformManager: Display: Loaded TargetPlatform 'IOSClient'
[2021.01.30-12.32.33:283][  0]LogTargetPlatformManager: Display: Loaded TargetPlatform 'IOS'
[2021.01.30-12.32.33:345][  0]LogTargetPlatformManager: Display: Loaded TargetPlatform 'LinuxNoEditor'
[2021.01.30-12.32.33:418][  0]LogTargetPlatformManager: Display: Loaded TargetPlatform 'LinuxClient'
[2021.01.30-12.32.33:509][  0]LogTargetPlatformManager: Display: Loaded TargetPlatform 'LinuxServer'
[2021.01.30-12.32.33:554][  0]LogTargetPlatformManager: Display: Loaded TargetPlatform 'LinuxAArch64NoEditor'
[2021.01.30-12.32.33:603][  0]LogTargetPlatformManager: Display: Loaded TargetPlatform 'LinuxAArch64Client'
[2021.01.30-12.32.33:651][  0]LogTargetPlatformManager: Display: Loaded TargetPlatform 'LinuxAArch64Server'
[2021.01.30-12.32.33:736][  0]LogTargetPlatformManager: Display: Loaded TargetPlatform 'Lumin'
[2021.01.30-12.32.33:736][  0]LogTargetPlatformManager: Display: Loaded TargetPlatform 'LuminClient'
[2021.01.30-12.32.33:816][  0]LogTargetPlatformManager: Display: Loaded TargetPlatform 'TVOSClient'
[2021.01.30-12.32.33:816][  0]LogTargetPlatformManager: Display: Loaded TargetPlatform 'TVOS'
[2021.01.30-12.32.33:877][  0]LogTargetPlatformManager: Display: Loaded TargetPlatform 'WindowsNoEditor'
[2021.01.30-12.32.33:949][  0]LogTargetPlatformManager: Display: Loaded TargetPlatform 'Windows'
[2021.01.30-12.32.33:988][  0]LogTargetPlatformManager: Display: Loaded TargetPlatform 'WindowsClient'
[2021.01.30-12.32.34:047][  0]LogTargetPlatformManager: Display: Loaded TargetPlatform 'WindowsServer'
[2021.01.30-12.32.34:047][  0]LogTargetPlatformManager: Display: Building Assets For Windows
[2021.01.30-12.32.34:354][  0]LogAudioDebug: Display: Lib vorbis DLL was dynamically loaded.
[2021.01.30-12.32.36:006][  0]LogShaderCompilers: Guid format shader working directory is -46 characters bigger than the processId version (../../../../../../Users/User/Documents/Unreal Projects/GlobalGameJam2021/GlobalGameJam2021/Intermediate/Shaders/WorkingDirectory/10156/).
[2021.01.30-12.32.36:007][  0]LogShaderCompilers: Cleaned the shader compiler working directory 'C:/Users/User/AppData/Local/Temp/UnrealShaderWorkingDir/AF20E1C24EBFA824F0E4999C3F042602/'.
[2021.01.30-12.32.36:008][  0]LogXGEController: Cannot use XGE Controller as Incredibuild is not installed on this machine.
[2021.01.30-12.32.36:009][  0]LogShaderCompilers: Cannot use XGE Shader Compiler as Incredibuild is not installed on this machine.
[2021.01.30-12.32.36:009][  0]LogShaderCompilers: Display: Using Local Shader Compiler.
[2021.01.30-12.32.41:540][  0]LogDerivedDataCache: Display: Max Cache Size: 512 MB
[2021.01.30-12.32.42:967][  0]LogDerivedDataCache: Loaded boot cache 1.39s 78MB C:/Users/User/AppData/Local/UnrealEngine/4.24/DerivedDataCache/Boot.ddc.
[2021.01.30-12.32.42:967][  0]LogDerivedDataCache: Display: Loaded Boot cache: C:/Users/User/AppData/Local/UnrealEngine/4.24/DerivedDataCache/Boot.ddc
[2021.01.30-12.32.42:967][  0]LogDerivedDataCache: FDerivedDataBackendGraph:  Pak pak cache file ../../../../../../Users/User/Documents/Unreal Projects/GlobalGameJam2021/GlobalGameJam2021/DerivedDataCache/DDC.ddp not found, will not use a pak cache.
[2021.01.30-12.32.42:967][  0]LogDerivedDataCache: Unable to find inner node Pak for hierarchical cache Hierarchy.
[2021.01.30-12.32.42:968][  0]LogDerivedDataCache: FDerivedDataBackendGraph:  CompressedPak pak cache file ../../../../../../Users/User/Documents/Unreal Projects/GlobalGameJam2021/GlobalGameJam2021/DerivedDataCache/Compressed.ddp not found, will not use a pak cache.
[2021.01.30-12.32.42:968][  0]LogDerivedDataCache: Unable to find inner node CompressedPak for hierarchical cache Hierarchy.
[2021.01.30-12.32.43:050][  0]LogDerivedDataCache: Display: Pak cache opened for reading ../../../Engine/DerivedDataCache/Compressed.ddp.
[2021.01.30-12.32.43:050][  0]LogDerivedDataCache: FDerivedDataBackendGraph:  EnterprisePak pak cache file ../../../Enterprise/DerivedDataCache/Compressed.ddp not found, will not use a pak cache.
[2021.01.30-12.32.43:050][  0]LogDerivedDataCache: Unable to find inner node EnterprisePak for hierarchical cache Hierarchy.
[2021.01.30-12.32.43:052][  0]LogDerivedDataCache: Using Local data cache path C:/Users/User/AppData/Local/UnrealEngine/Common/DerivedDataCache: Writable
[2021.01.30-12.32.43:052][  0]LogDerivedDataCache: Shared data cache path not found in *engine.ini, will not use an Shared cache.
[2021.01.30-12.32.43:052][  0]LogDerivedDataCache: Unable to find inner node Shared for hierarchical cache Hierarchy.
[2021.01.30-12.32.43:377][  0]LogMaterial: Verifying Global Shaders for PCD3D_SM5
[2021.01.30-12.32.43:464][  0]LogSlate: Using FreeType 2.10.0
[2021.01.30-12.32.43:602][  0]LogSlate: SlateFontServices - WITH_FREETYPE: 1, WITH_HARFBUZZ: 1
[2021.01.30-12.32.48:196][  0]LogAssetRegistry: FAssetRegistry took 0.0049 seconds to start up
[2021.01.30-12.32.58:406][  0]LogInit: Selected Device Profile: [Windows]
[2021.01.30-12.33.11:082][  0]LogMeshReduction: Using QuadricMeshReduction for automatic static mesh reduction
[2021.01.30-12.33.11:082][  0]LogMeshReduction: Using SimplygonMeshReduction for automatic skeletal mesh reduction
[2021.01.30-12.33.11:082][  0]LogMeshReduction: Using ProxyLODMeshReduction for automatic mesh merging
[2021.01.30-12.33.11:082][  0]LogMeshReduction: No distributed automatic mesh merging module available
[2021.01.30-12.33.11:082][  0]LogMeshMerging: No distributed automatic mesh merging module available
[2021.01.30-12.33.13:664][  0]LogNetVersion: GlobalGameJam2021 1.0.0, NetCL: 10570792, EngineNetVer: 13, GameNetVer: 0 (Checksum: 1630513002)
[2021.01.30-12.34.25:993][  0]LogAssetRegistry: Error: Failed to open file for write ../../../../../../Users/User/Documents/Unreal Projects/GlobalGameJam2021/GlobalGameJam2021/Intermediate/AssetRegistryCache/2657c409.bin
[2021.01.30-12.34.26:024][  0]LogFileManager: Warning: MoveFile was unable to move '../../../../../../Users/User/Documents/Unreal Projects/GlobalGameJam2021/GlobalGameJam2021/Intermediate/AssetRegistryCache/50a675f9.bin.tmp' to '../../../../../../Users/User/Documents/Unreal Projects/GlobalGameJam2021/GlobalGameJam2021/Intermediate/AssetRegistryCache/50a675f9.bin', retrying in .5s...
[2021.01.30-12.34.26:524][  0]LogFileManager: Warning: MoveFile was unable to move '../../../../../../Users/User/Documents/Unreal Projects/GlobalGameJam2021/GlobalGameJam2021/Intermediate/AssetRegistryCache/50a675f9.bin.tmp' to '../../../../../../Users/User/Documents/Unreal Projects/GlobalGameJam2021/GlobalGameJam2021/Intermediate/AssetRegistryCache/50a675f9.bin', retrying in .5s...
[2021.01.30-12.34.27:024][  0]LogFileManager: Warning: MoveFile was unable to move '../../../../../../Users/User/Documents/Unreal Projects/GlobalGameJam2021/GlobalGameJam2021/Intermediate/AssetRegistryCache/50a675f9.bin.tmp' to '../../../../../../Users/User/Documents/Unreal Projects/GlobalGameJam2021/GlobalGameJam2021/Intermediate/AssetRegistryCache/50a675f9.bin', retrying in .5s...
[2021.01.30-12.34.27:524][  0]LogFileManager: Warning: MoveFile was unable to move '../../../../../../Users/User/Documents/Unreal Projects/GlobalGameJam2021/GlobalGameJam2021/Intermediate/AssetRegistryCache/50a675f9.bin.tmp' to '../../../../../../Users/User/Documents/Unreal Projects/GlobalGameJam2021/GlobalGameJam2021/Intermediate/AssetRegistryCache/50a675f9.bin', retrying in .5s...
[2021.01.30-12.34.28:024][  0]LogFileManager: Warning: MoveFile was unable to move '../../../../../../Users/User/Documents/Unreal Projects/GlobalGameJam2021/GlobalGameJam2021/Intermediate/AssetRegistryCache/50a675f9.bin.tmp' to '../../../../../../Users/User/Documents/Unreal Projects/GlobalGameJam2021/GlobalGameJam2021/Intermediate/AssetRegistryCache/50a675f9.bin', retrying in .5s...
[2021.01.30-12.34.28:524][  0]LogFileManager: Warning: MoveFile was unable to move '../../../../../../Users/User/Documents/Unreal Projects/GlobalGameJam2021/GlobalGameJam2021/Intermediate/AssetRegistryCache/50a675f9.bin.tmp' to '../../../../../../Users/User/Documents/Unreal Projects/GlobalGameJam2021/GlobalGameJam2021/Intermediate/AssetRegistryCache/50a675f9.bin', retrying in .5s...
[2021.01.30-12.34.29:024][  0]LogFileManager: Warning: MoveFile was unable to move '../../../../../../Users/User/Documents/Unreal Projects/GlobalGameJam2021/GlobalGameJam2021/Intermediate/AssetRegistryCache/50a675f9.bin.tmp' to '../../../../../../Users/User/Documents/Unreal Projects/GlobalGameJam2021/GlobalGameJam2021/Intermediate/AssetRegistryCache/50a675f9.bin', retrying in .5s...
[2021.01.30-12.34.29:524][  0]LogFileManager: Warning: MoveFile was unable to move '../../../../../../Users/User/Documents/Unreal Projects/GlobalGameJam2021/GlobalGameJam2021/Intermediate/AssetRegistryCache/50a675f9.bin.tmp' to '../../../../../../Users/User/Documents/Unreal Projects/GlobalGameJam2021/GlobalGameJam2021/Intermediate/AssetRegistryCache/50a675f9.bin', retrying in .5s...
[2021.01.30-12.34.30:024][  0]LogFileManager: Warning: MoveFile was unable to move '../../../../../../Users/User/Documents/Unreal Projects/GlobalGameJam2021/GlobalGameJam2021/Intermediate/AssetRegistryCache/50a675f9.bin.tmp' to '../../../../../../Users/User/Documents/Unreal Projects/GlobalGameJam2021/GlobalGameJam2021/Intermediate/AssetRegistryCache/50a675f9.bin', retrying in .5s...
[2021.01.30-12.34.30:524][  0]LogFileManager: Warning: MoveFile was unable to move '../../../../../../Users/User/Documents/Unreal Projects/GlobalGameJam2021/GlobalGameJam2021/Intermediate/AssetRegistryCache/50a675f9.bin.tmp' to '../../../../../../Users/User/Documents/Unreal Projects/GlobalGameJam2021/GlobalGameJam2021/Intermediate/AssetRegistryCache/50a675f9.bin', retrying in .5s...
[2021.01.30-12.34.31:024][  0]LogFileManager: Error: Error moving file '../../../../../../Users/User/Documents/Unreal Projects/GlobalGameJam2021/GlobalGameJam2021/Intermediate/AssetRegistryCache/50a675f9.bin.tmp' to '../../../../../../Users/User/Documents/Unreal Projects/GlobalGameJam2021/GlobalGameJam2021/Intermediate/AssetRegistryCache/50a675f9.bin'.
[2021.01.30-12.34.31:105][  0]LogPackageLocalizationCache: Processed 10 localized package path(s) for 1 prioritized culture(s) in 5.121724 seconds
[2021.01.30-12.34.31:120][  0]LogUObjectArray: 46750 objects as part of root set at end of initial load.
[2021.01.30-12.34.31:120][  0]LogUObjectAllocator: 8137160 out of 0 bytes used by permanent object pool.
[2021.01.30-12.34.31:120][  0]LogUObjectArray: CloseDisregardForGC: 0/0 objects in disregard for GC pool
[2021.01.30-12.34.50:079][  0]LogTcpMessaging: Initializing TcpMessaging bridge
[2021.01.30-12.34.50:462][  0]LogUdpMessaging: Initializing bridge on interface 0.0.0.0:0 to multicast group 230.0.0.1:6666.
[2021.01.30-12.34.55:028][  0]SourceControl: Source control is disabled
[2021.01.30-12.34.55:029][  0]SourceControl: Source control is disabled
[2021.01.30-12.34.55:891][  0]SourceControl: Source control is disabled
[2021.01.30-12.34.56:170][  0]SourceControl: Source control is disabled
[2021.01.30-12.34.56:486][  0]SourceControl: Source control is disabled
[2021.01.30-12.35.00:566][  0]LogAssetRegistry: Error: Failed to open file for write ../../../../../../Users/User/Documents/Unreal Projects/GlobalGameJam2021/GlobalGameJam2021/Intermediate/CachedAssetRegistry.bin
[2021.01.30-12.35.06:714][  0]LogConfig: Warning: Failed to saved backup for config[../../../../../../Users/User/Documents/Unreal Projects/GlobalGameJam2021/GlobalGameJam2021/Intermediate/Config/CoalescedSourceConfigs/UnitTestStats.ini]
[2021.01.30-12.35.07:077][  0]LogAndroidPermission: UAndroidPermissionCallbackProxy::GetInstance
[2021.01.30-12.35.07:858][  0]LogAudioCaptureCore: Display: No Audio Capture implementations found. Audio input will be silent.
[2021.01.30-12.35.07:858][  0]LogAudioCaptureCore: Display: No Audio Capture implementations found. Audio input will be silent.
[2021.01.30-12.35.09:997][  0]LogOcInput: OculusInput pre-init called
[2021.01.30-12.35.10:460][  0]LogWindows: Failed to load 'OVRPlugin.dll' (GetLastError=126)
[2021.01.30-12.35.10:460][  0]LogWindows: File 'OVRPlugin.dll' does not exist
[2021.01.30-12.35.12:992][  0]LogEngine: Initializing Engine...
[2021.01.30-12.35.13:074][  0]LogHMD: Failed to initialize OpenVR with code 110
[2021.01.30-12.35.13:121][  0]LogStats: UGameplayTagsManager::InitializeManager -  0.000 s
[2021.01.30-12.35.14:406][  0]LogInit: Initializing FReadOnlyCVARCache
[2021.01.30-12.35.15:181][  0]LogAIModule: Creating AISystem for world Untitled
[2021.01.30-12.35.15:987][  0]LogAudioMixer: Display: Audio Mixer Platform Settings:
[2021.01.30-12.35.15:987][  0]LogAudioMixer: Display: 	Sample Rate:						  48000
[2021.01.30-12.35.15:987][  0]LogAudioMixer: Display: 	Callback Buffer Frame Size Requested: 1024
[2021.01.30-12.35.15:988][  0]LogAudioMixer: Display: 	Callback Buffer Frame Size To Use:	  1024
[2021.01.30-12.35.15:988][  0]LogAudioMixer: Display: 	Number of buffers to queue:			  2
[2021.01.30-12.35.15:988][  0]LogAudioMixer: Display: 	Max Channels (voices):				  32
[2021.01.30-12.35.15:988][  0]LogAudioMixer: Display: 	Number of Async Source Workers:		  0
[2021.01.30-12.35.15:988][  0]LogAudio: Display: AudioDevice MaxSources: 32
[2021.01.30-12.35.15:996][  0]LogAudio: Display: Using built-in audio occlusion.
[2021.01.30-12.35.15:997][  0]LogAudioMixer: Display: Initializing audio mixer.
[2021.01.30-12.35.16:119][  0]LogAudioMixer: Display: Audio Device Output Speaker Info:
[2021.01.30-12.35.16:119][  0]LogAudioMixer: Display: Name: Speakers (Turtle Beach P11 Headset)
[2021.01.30-12.35.16:119][  0]LogAudioMixer: Display: Is Default: Yes
[2021.01.30-12.35.16:119][  0]LogAudioMixer: Display: Sample Rate: 48000
[2021.01.30-12.35.16:119][  0]LogAudioMixer: Display: Channel Count Used: 2
[2021.01.30-12.35.16:119][  0]LogAudioMixer: Display: Device Channel Count: 2
[2021.01.30-12.35.16:119][  0]LogAudioMixer: Display: Channel Order:
[2021.01.30-12.35.16:119][  0]LogAudioMixer: Display: 0: FrontLeft
[2021.01.30-12.35.16:119][  0]LogAudioMixer: Display: 1: FrontRight
[2021.01.30-12.35.16:175][  0]LogAudioMixer: Display: Using Audio Device Speakers (Turtle Beach P11 Headset)
[2021.01.30-12.35.16:179][  0]LogInit: FAudioDevice initialized.
[2021.01.30-12.35.16:179][  0]LogNetVersion: Set ProjectVersion to 1.0.0.0. Version Checksum will be recalculated on next use.
[2021.01.30-12.35.16:194][  0]LogDerivedDataCache: Error: Could not save memory cache C:/Users/User/AppData/Local/UnrealEngine/4.24/DerivedDataCache/Boot.ddc.
[2021.01.30-12.35.16:198][  0]LogInit: Texture streaming: Enabled
[2021.01.30-12.35.16:810][  0]LogEngineSessionManager: EngineSessionManager initialized
[2021.01.30-12.35.16:811][  0]LogEditorSessionSummary: Verbose: Initializing EditorSessionSummaryWriter for editor session tracking
[2021.01.30-12.35.16:858][  0]LogEditorSessionSummary: EditorSessionSummaryWriter initialized
[2021.01.30-12.35.17:704][  0]LogInit: Transaction tracking system initialized
[2021.01.30-12.35.19:745][  0]BlueprintLog: New page: Editor Load
[2021.01.30-12.35.25:890][  0]LocalizationService: Localization service is disabled
[2021.01.30-12.35.34:555][  0]LogFileCache: Scanning file cache for directory 'C:/Users/User/Documents/Unreal Projects/GlobalGameJam2021/GlobalGameJam2021/Content/' took 0.06s
[2021.01.30-12.35.34:555][  0]LogCook: Display: Max memory allowance for cook 16384mb min free memory 0mb
[2021.01.30-12.35.34:555][  0]LogCook: Display: Mobile HDR setting 1
[2021.01.30-12.35.53:475][  0]SourceControl: Source control is disabled
[2021.01.30-12.35.53:694][  0]LogSlate: Took 0.072149 seconds to synchronously load lazily loaded font '../../../Engine/Content/Slate/Fonts/Roboto-Regular.ttf' (155K)
[2021.01.30-12.36.31:347][  0]LogSlate: Window 'Message' being destroyed
[2021.01.30-12.36.31:349][  0]LogWindowsTextInputMethodSystem: Display: IME system now deactivated.
[2021.01.30-12.36.31:459][  0]LightingResults: New page: Lighting Build
[2021.01.30-12.36.31:551][  0]LogWorld: UWorld::CleanupWorld for Untitled, bSessionEnded=true, bCleanupResources=true
[2021.01.30-12.36.31:635][  0]LogSlate: InvalidateAllWidgets triggered.  All widgets were invalidated
[2021.01.30-12.36.31:660][  0]MapCheck: New page: Map Check
[2021.01.30-12.36.31:660][  0]LightingResults: New page: Lighting Build
[2021.01.30-12.36.31:998][  0]LogUObjectHash: Compacting FUObjectHashTables data took   7.09ms
[2021.01.30-12.36.32:133][  0]LogAIModule: Creating AISystem for world Untitled
[2021.01.30-12.36.32:233][  0]LoadErrors: New page: New Map
[2021.01.30-12.36.33:716][  0]LogSlate: Updating window title bar state: overlay mode, drag disabled, window buttons hidden, title bar hidden
[2021.01.30-12.36.33:780][  0]LogSlate: Updating window title bar state: overlay mode, drag disabled, window buttons hidden, title bar hidden
[2021.01.30-12.36.33:797][  0]LogSlate: Updating window title bar state: overlay mode, drag disabled, window buttons hidden, title bar hidden
[2021.01.30-12.36.33:814][  0]LogSlate: Updating window title bar state: overlay mode, drag disabled, window buttons hidden, title bar hidden
[2021.01.30-12.36.34:189][  0]LogCollectionManager: Loaded 0 collections in 0.004727 seconds
[2021.01.30-12.36.34:426][  0]LogFileCache: Scanning file cache for directory 'C:/Users/User/Documents/Unreal Projects/GlobalGameJam2021/GlobalGameJam2021/Saved/Collections/' took 0.00s
[2021.01.30-12.36.34:426][  0]LogFileCache: Scanning file cache for directory 'C:/Users/User/Documents/Unreal Projects/GlobalGameJam2021/GlobalGameJam2021/Content/Developers/User/Collections/' took 0.00s
[2021.01.30-12.36.34:426][  0]LogFileCache: Scanning file cache for directory 'C:/Users/User/Documents/Unreal Projects/GlobalGameJam2021/GlobalGameJam2021/Content/Collections/' took 0.00s
[2021.01.30-12.36.34:426][  0]LogContentBrowser: Native class hierarchy populated in 0.0205 seconds. Added 3015 classes and 717 folders.
[2021.01.30-12.36.34:501][  0]LogContentBrowser: Native class hierarchy updated for 'WidgetCarousel' in 0.0004 seconds. Added 0 classes and 0 folders.
[2021.01.30-12.36.39:530][  0]LogContentBrowser: Native class hierarchy updated for 'AddContentDialog' in 0.0004 seconds. Added 0 classes and 0 folders.
[2021.01.30-12.36.39:948][  0]LogContentBrowser: Native class hierarchy updated for 'SceneOutliner' in 0.0006 seconds. Added 2 classes and 3 folders.
[2021.01.30-12.36.43:237][  0]LogSlate: Took 0.161456 seconds to synchronously load lazily loaded font '../../../Engine/Content/Slate/Fonts/Roboto-Bold.ttf' (160K)
[2021.01.30-12.36.43:294][  0]LogSlate: Took 0.049215 seconds to synchronously load lazily loaded font '../../../Engine/Content/Editor/Slate/Fonts/FontAwesome.ttf' (139K)
[2021.01.30-12.36.44:216][  0]LogRenderer: Reallocating scene render targets to support 1208x536 Format 10 NumSamples 1 (Frame:1).
[2021.01.30-12.36.45:814][  0]LogContentBrowser: Native class hierarchy updated for 'HierarchicalLODOutliner' in 0.0005 seconds. Added 0 classes and 0 folders.
[2021.01.30-12.36.45:814][  0]LogLoad: (Engine Initialization) Total time: 265.31 seconds
[2021.01.30-12.36.45:814][  0]LogLoad: (Engine Initialization) Total Blueprint compile time: 0.00 seconds
[2021.01.30-12.36.46:181][  0]LogContentStreaming: Texture pool size now 1000 MB
[2021.01.30-12.36.46:306][  0]LogRenderer: Reallocating scene render targets to support 1208x552 Format 10 NumSamples 1 (Frame:2).
[2021.01.30-12.36.46:306][  0]LogSlate: Took 0.043188 seconds to synchronously load lazily loaded font '../../../Engine/Content/Slate/Fonts/Roboto-Light.ttf' (167K)
[2021.01.30-12.36.46:407][  2]LogAssetRegistry: Asset discovery search completed in 238.2087 seconds
[2021.01.30-12.36.46:417][  2]LogCollectionManager: Fixed up redirectors for 0 collections in 0.000024 seconds (updated 0 objects)
[2021.01.30-12.37.00:339][643]LogSlate: Took 0.000306 seconds to synchronously load lazily loaded font '../../../Engine/Content/Slate/Fonts/Roboto-Light.ttf' (167K)
[2021.01.30-12.37.02:969][643]LogMaterial: Display: Missing cached shader map for material MM_Light_Material, compiling. 
[2021.01.30-12.37.03:727][643]LogShaderCompilers: Display: Worker (1/5): shaders left to compile 15
[2021.01.30-12.37.03:728][643]LogShaderCompilers: Display: Worker (2/5): shaders left to compile 11
[2021.01.30-12.37.03:728][643]LogShaderCompilers: Display: Worker (3/5): shaders left to compile 7
[2021.01.30-12.37.03:728][643]LogShaderCompilers: Display: Worker (4/5): shaders left to compile 3
[2021.01.30-12.37.03:832][643]LogAIModule: Creating AISystem for world Second_SaveMap
[2021.01.30-12.37.04:613][643]LogAssetEditorSubsystem: Opening Asset editor for World /Game/Second_SaveMap.Second_SaveMap
[2021.01.30-12.37.04:768][643]LogUObjectHash: Compacting FUObjectHashTables data took   8.87ms
[2021.01.30-12.37.04:771][643]Cmd: MAP LOAD FILE="../../../../../../Users/User/Documents/Unreal Projects/GlobalGameJam2021/GlobalGameJam2021/Content/Second_SaveMap.umap" TEMPLATE=0 SHOWPROGRESS=1 FEATURELEVEL=3
[2021.01.30-12.37.04:775][643]LightingResults: New page: Lighting Build
[2021.01.30-12.37.04:776][643]LoadErrors: New page: Loading map: Second_SaveMap.umap
[2021.01.30-12.37.04:776][643]LogWorld: UWorld::CleanupWorld for Untitled, bSessionEnded=true, bCleanupResources=true
[2021.01.30-12.37.04:776][643]LogSlate: InvalidateAllWidgets triggered.  All widgets were invalidated
[2021.01.30-12.37.04:776][643]MapCheck: New page: Map Check
[2021.01.30-12.37.04:777][643]LightingResults: New page: Lighting Build
[2021.01.30-12.37.04:942][643]LogUObjectHash: Compacting FUObjectHashTables data took   7.22ms
[2021.01.30-12.37.05:796][643]LogEditorServer: Finished looking for orphan Actors (0.000 secs)
[2021.01.30-12.37.05:985][643]LogUObjectHash: Compacting FUObjectHashTables data took   7.03ms
[2021.01.30-12.37.06:033][643]Cmd: MAP CHECKDEP NOCLEARLOG
[2021.01.30-12.37.06:034][643]MapCheck: Map check complete: 0 Error(s), 0 Warning(s), took 0.177ms to complete.
[2021.01.30-12.37.06:034][643]LogFileHelpers: Loading map 'Second_SaveMap' took 1.265
[2021.01.30-12.37.11:915][925]LogTemp: Repeating last play command: Selected Viewport
[2021.01.30-12.37.12:094][925]LogBlueprintUserMessages: Early PlayInEditor Detection: Level '/Game/Second_SaveMap.Second_SaveMap:PersistentLevel' has LevelScriptBlueprint '/Game/Second_SaveMap.Second_SaveMap:PersistentLevel.Second_SaveMap' with GeneratedClass '/Game/Second_SaveMap.Second_SaveMap_C' with ClassGeneratedBy '/Game/Second_SaveMap.Second_SaveMap:PersistentLevel.Second_SaveMap'
[2021.01.30-12.37.12:094][925]LogPlayLevel: PlayLevel: No blueprints needed recompiling
[2021.01.30-12.37.12:103][925]PIE: New page: PIE session: Second_SaveMap (30 Jan 2021, 12:37:12)
[2021.01.30-12.37.12:112][925]LogOnline: OSS: Creating online subsystem instance for: NULL
[2021.01.30-12.37.12:113][925]LogOnline: OSS: TryLoadSubsystemAndSetDefault: Loaded subsystem for module [NULL]
[2021.01.30-12.37.12:114][925]LogPlayLevel: Creating play world package: /Game/UEDPIE_0_Second_SaveMap
[2021.01.30-12.37.12:250][925]LogPlayLevel: PIE: StaticDuplicateObject took: (0.135820s)
[2021.01.30-12.37.12:251][925]LogAIModule: Creating AISystem for world Second_SaveMap
[2021.01.30-12.37.12:252][925]LogPlayLevel: PIE: World Init took: (0.001668s)
[2021.01.30-12.37.12:252][925]LogPlayLevel: PIE: Created PIE world by copying editor world from /Game/Second_SaveMap.Second_SaveMap to /Game/UEDPIE_0_Second_SaveMap.Second_SaveMap (0.137927s)
[2021.01.30-12.37.12:409][925]LogUObjectHash: Compacting FUObjectHashTables data took   4.30ms
[2021.01.30-12.37.12:413][925]LogAudioMixer: Display: Audio Mixer Platform Settings:
[2021.01.30-12.37.12:413][925]LogAudioMixer: Display: 	Sample Rate:						  48000
[2021.01.30-12.37.12:413][925]LogAudioMixer: Display: 	Callback Buffer Frame Size Requested: 1024
[2021.01.30-12.37.12:413][925]LogAudioMixer: Display: 	Callback Buffer Frame Size To Use:	  1024
[2021.01.30-12.37.12:413][925]LogAudioMixer: Display: 	Number of buffers to queue:			  2
[2021.01.30-12.37.12:413][925]LogAudioMixer: Display: 	Max Channels (voices):				  32
[2021.01.30-12.37.12:413][925]LogAudioMixer: Display: 	Number of Async Source Workers:		  0
[2021.01.30-12.37.12:413][925]LogAudio: Display: AudioDevice MaxSources: 32
[2021.01.30-12.37.12:414][925]LogAudio: Display: Using built-in audio occlusion.
[2021.01.30-12.37.12:414][925]LogAudioMixer: Display: Initializing audio mixer.
[2021.01.30-12.37.12:434][925]LogAudioMixer: Display: Audio Device Output Speaker Info:
[2021.01.30-12.37.12:434][925]LogAudioMixer: Display: Name: Speakers (Turtle Beach P11 Headset)
[2021.01.30-12.37.12:434][925]LogAudioMixer: Display: Is Default: Yes
[2021.01.30-12.37.12:434][925]LogAudioMixer: Display: Sample Rate: 48000
[2021.01.30-12.37.12:434][925]LogAudioMixer: Display: Channel Count Used: 2
[2021.01.30-12.37.12:434][925]LogAudioMixer: Display: Device Channel Count: 2
[2021.01.30-12.37.12:434][925]LogAudioMixer: Display: Channel Order:
[2021.01.30-12.37.12:435][925]LogAudioMixer: Display: 0: FrontLeft
[2021.01.30-12.37.12:435][925]LogAudioMixer: Display: 1: FrontRight
[2021.01.30-12.37.12:450][925]LogAudioMixer: Display: Using Audio Device Speakers (Turtle Beach P11 Headset)
[2021.01.30-12.37.12:452][925]LogInit: FAudioDevice initialized.
[2021.01.30-12.37.12:515][925]LogLoad: Game class is 'FirstPersonGameMode_C'
[2021.01.30-12.37.12:574][925]LogWorld: Bringing World /Game/UEDPIE_0_Second_SaveMap.Second_SaveMap up for play (max tick rate 0) at 2021.01.30-12.37.12
[2021.01.30-12.37.12:588][925]LogWorld: Bringing up level for play took: 0.057859
[2021.01.30-12.37.12:588][925]LogOnline: OSS: Creating online subsystem instance for: :Context_1
[2021.01.30-12.37.12:651][925]LogGameMode: FindPlayerStart: PATHS NOT DEFINED or NO PLAYERSTART with positive rating
[2021.01.30-12.37.12:702][925]LogContentBrowser: Native class hierarchy updated for 'MovieSceneCapture' in 0.0006 seconds. Added 20 classes and 0 folders.
[2021.01.30-12.37.12:704][925]PIE: Play in editor start time for /Game/UEDPIE_0_Second_SaveMap 0.035
[2021.01.30-12.37.12:704][925]LogBlueprintUserMessages: Late PlayInEditor Detection: Level '/Game/Second_SaveMap.Second_SaveMap:PersistentLevel' has LevelScriptBlueprint '/Game/Second_SaveMap.Second_SaveMap:PersistentLevel.Second_SaveMap' with GeneratedClass '/Game/Second_SaveMap.Second_SaveMap_C' with ClassGeneratedBy '/Game/Second_SaveMap.Second_SaveMap:PersistentLevel.Second_SaveMap'
[2021.01.30-12.37.38:379][958]LogAudioMixer: Display: No commands were queued while flushing the source manager.
[2021.01.30-12.37.38:379][958]LogAudioMixer: Display: No commands were queued while flushing the source manager.
[2021.01.30-12.37.38:417][958]LogBlueprintUserMessages: Early EndPlayMap Detection: Level '/Game/Second_SaveMap.Second_SaveMap:PersistentLevel' has LevelScriptBlueprint '/Game/Second_SaveMap.Second_SaveMap:PersistentLevel.Second_SaveMap' with GeneratedClass '/Game/Second_SaveMap.Second_SaveMap_C' with ClassGeneratedBy '/Game/Second_SaveMap.Second_SaveMap:PersistentLevel.Second_SaveMap'
[2021.01.30-12.37.38:418][958]LogSlate: Updating window title bar state: overlay mode, drag disabled, window buttons hidden, title bar hidden
[2021.01.30-12.37.38:418][958]LogWorld: BeginTearingDown for /Game/UEDPIE_0_Second_SaveMap
[2021.01.30-12.37.38:420][958]LogAudioMixer: Display: No commands were queued while flushing the source manager.
[2021.01.30-12.37.38:420][958]LogWorld: UWorld::CleanupWorld for Second_SaveMap, bSessionEnded=true, bCleanupResources=true
[2021.01.30-12.37.38:425][958]LogSlate: InvalidateAllWidgets triggered.  All widgets were invalidated
[2021.01.30-12.37.38:432][958]LogPlayLevel: Display: Shutting down PIE online subsystems
[2021.01.30-12.37.38:432][958]LogBlueprintUserMessages: Late EndPlayMap Detection: Level '/Game/Second_SaveMap.Second_SaveMap:PersistentLevel' has LevelScriptBlueprint '/Game/Second_SaveMap.Second_SaveMap:PersistentLevel.Second_SaveMap' with GeneratedClass '/Game/Second_SaveMap.Second_SaveMap_C' with ClassGeneratedBy '/Game/Second_SaveMap.Second_SaveMap:PersistentLevel.Second_SaveMap'
[2021.01.30-12.37.38:439][958]LogSlate: InvalidateAllWidgets triggered.  All widgets were invalidated
[2021.01.30-12.37.38:580][958]LogAudioMixer: Display: No commands were queued while flushing the source manager.
[2021.01.30-12.37.38:583][958]LogSlate: Updating window title bar state: overlay mode, drag disabled, window buttons hidden, title bar hidden
[2021.01.30-12.37.38:718][958]LogUObjectHash: Compacting FUObjectHashTables data took   6.41ms
[2021.01.30-12.37.38:769][959]LogPlayLevel: Display: Destroying online subsystem :Context_1
[2021.01.30-12.37.53:723][508]MapCheck: New page: Map Check
[2021.01.30-12.37.53:829][508]Cmd: MAP REBUILD ALLVISIBLE
[2021.01.30-12.37.53:855][508]LogEditorServer: Rebuildmap Clear paths rebuilt
[2021.01.30-12.37.54:399][508]LogWorld: UWorld::CleanupWorld for Second_SaveMap, bSessionEnded=true, bCleanupResources=false
[2021.01.30-12.37.54:910][508]LogUObjectHash: Compacting FUObjectHashTables data took   4.47ms
[2021.01.30-12.37.54:989][508]LogMaterial: Display: Missing cached shader map for material DebugViewMode MaterialTexCoordScale, compiling. 
[2021.01.30-12.37.55:034][508]LogShaderCompilers: Display: Worker (1/5): shaders left to compile 2
[2021.01.30-12.37.55:034][508]LogShaderCompilers: Display: Worker (2/5): shaders left to compile 1
[2021.01.30-12.37.55:034][508]LogMaterial: Display: Missing cached shader map for material DebugViewMode MaterialTexCoordScale, compiling. 
[2021.01.30-12.37.55:066][508]LogShaderCompilers: Display: Worker (3/5): shaders left to compile 2
[2021.01.30-12.37.55:066][508]LogShaderCompilers: Display: Worker (4/5): shaders left to compile 1
[2021.01.30-12.37.55:066][508]LogMaterial: Display: Missing cached shader map for material DebugViewMode MaterialTexCoordScale, compiling. 
[2021.01.30-12.37.55:097][508]LogMaterial: Display: Missing cached shader map for material DebugViewMode MaterialTexCoordScale, compiling. 
[2021.01.30-12.37.55:126][508]LogMaterial: Display: Missing cached shader map for material DebugViewMode MaterialTexCoordScale, compiling. 
[2021.01.30-12.37.55:152][508]LogMaterial: Display: Missing cached shader map for material DebugViewMode MaterialTexCoordScale, compiling. 
[2021.01.30-12.37.55:178][508]LogMaterial: Display: Missing cached shader map for material DebugViewMode MaterialTexCoordScale, compiling. 
[2021.01.30-12.37.55:205][508]LogMaterial: Display: Missing cached shader map for material DebugViewMode MaterialTexCoordScale, compiling. Is special engine material.
[2021.01.30-12.37.56:033][508]LogShaderCompilers: Display: Worker (2/5): shaders left to compile 48
[2021.01.30-12.37.56:033][508]LogShaderCompilers: Display: Worker (4/5): shaders left to compile 47
[2021.01.30-12.37.56:033][508]LogShaderCompilers: Display: Worker (1/5): shaders left to compile 46
[2021.01.30-12.37.56:033][508]LogShaderCompilers: Display: Worker (3/5): shaders left to compile 45
[2021.01.30-12.37.56:033][508]LogShaderCompilers: Display: Worker (2/5): shaders left to compile 44
[2021.01.30-12.37.56:033][508]LogShaderCompilers: Display: Worker (1/5): shaders left to compile 43
[2021.01.30-12.37.56:033][508]LogMaterial: Display: Missing cached shader map for material DebugViewMode MaterialTexCoordScale, compiling. 
[2021.01.30-12.37.56:068][508]LogShaderCompilers: Display: Worker (4/5): shaders left to compile 42
[2021.01.30-12.37.56:068][508]LogMaterial: Display: Missing cached shader map for material DebugViewMode MaterialTexCoordScale, compiling. 
[2021.01.30-12.37.56:105][508]LogMaterial: Display: Missing cached shader map for material DebugViewMode MaterialTexCoordScale, compiling. 
[2021.01.30-12.38.00:702][508]LogShaderCompilers: Display: Worker (2/5): shaders left to compile 45
[2021.01.30-12.38.00:702][508]LogShaderCompilers: Display: Worker (3/5): shaders left to compile 46
[2021.01.30-12.38.00:702][508]LogShaderCompilers: Display: Worker (1/5): shaders left to compile 45
[2021.01.30-12.38.00:702][508]LogShaderCompilers: Display: Worker (4/5): shaders left to compile 44
[2021.01.30-12.38.00:702][508]LogShaderCompilers: Display: Worker (3/5): shaders left to compile 43
[2021.01.30-12.38.00:702][508]LogShaderCompilers: Display: Worker (2/5): shaders left to compile 42
[2021.01.30-12.38.00:702][508]LogShaderCompilers: Display: Worker (1/5): shaders left to compile 41
[2021.01.30-12.38.00:703][508]LogShaderCompilers: Display: Worker (3/5): shaders left to compile 40
[2021.01.30-12.38.00:703][508]LogShaderCompilers: Display: Worker (4/5): shaders left to compile 39
[2021.01.30-12.38.00:703][508]LogShaderCompilers: Display: Worker (2/5): shaders left to compile 38
[2021.01.30-12.38.00:703][508]LogShaderCompilers: Display: Worker (1/5): shaders left to compile 37
[2021.01.30-12.38.00:703][508]LogShaderCompilers: Display: Worker (3/5): shaders left to compile 36
[2021.01.30-12.38.00:703][508]LogShaderCompilers: Display: Worker (4/5): shaders left to compile 35
[2021.01.30-12.38.00:703][508]LogShaderCompilers: Display: Worker (1/5): shaders left to compile 34
[2021.01.30-12.38.00:703][508]LogShaderCompilers: Display: Worker (2/5): shaders left to compile 33
[2021.01.30-12.38.00:703][508]LogShaderCompilers: Display: Worker (4/5): shaders left to compile 32
[2021.01.30-12.38.00:703][508]LogShaderCompilers: Display: Worker (3/5): shaders left to compile 31
[2021.01.30-12.38.00:703][508]LogShaderCompilers: Display: Worker (2/5): shaders left to compile 30
[2021.01.30-12.38.00:703][508]LogShaderCompilers: Display: Worker (1/5): shaders left to compile 29
[2021.01.30-12.38.00:703][508]LogShaderCompilers: Display: Worker (4/5): shaders left to compile 28
[2021.01.30-12.38.00:703][508]LogShaderCompilers: Display: Worker (3/5): shaders left to compile 27
[2021.01.30-12.38.00:703][508]LogShaderCompilers: Display: Worker (2/5): shaders left to compile 26
[2021.01.30-12.38.00:703][508]LogShaderCompilers: Display: Worker (1/5): shaders left to compile 25
[2021.01.30-12.38.00:703][508]LogShaderCompilers: Display: Worker (4/5): shaders left to compile 24
[2021.01.30-12.38.00:703][508]LogShaderCompilers: Display: Worker (3/5): shaders left to compile 23
[2021.01.30-12.38.00:703][508]LogShaderCompilers: Display: Worker (1/5): shaders left to compile 22
[2021.01.30-12.38.00:703][508]LogShaderCompilers: Display: Worker (2/5): shaders left to compile 21
[2021.01.30-12.38.00:703][508]LogShaderCompilers: Display: Worker (3/5): shaders left to compile 20
[2021.01.30-12.38.00:704][508]LogShaderCompilers: Display: Worker (4/5): shaders left to compile 19
[2021.01.30-12.38.00:704][508]LogShaderCompilers: Display: Worker (2/5): shaders left to compile 18
[2021.01.30-12.38.00:704][508]LogShaderCompilers: Display: Worker (1/5): shaders left to compile 17
[2021.01.30-12.38.00:704][508]LogShaderCompilers: Display: Worker (4/5): shaders left to compile 16
[2021.01.30-12.38.00:704][508]LogShaderCompilers: Display: Worker (3/5): shaders left to compile 15
[2021.01.30-12.38.00:704][508]LogShaderCompilers: Display: Worker (1/5): shaders left to compile 14
[2021.01.30-12.38.00:704][508]LogShaderCompilers: Display: Worker (2/5): shaders left to compile 13
[2021.01.30-12.38.00:704][508]LogShaderCompilers: Display: Worker (3/5): shaders left to compile 12
[2021.01.30-12.38.00:704][508]LogShaderCompilers: Display: Worker (4/5): shaders left to compile 11
[2021.01.30-12.38.00:704][508]LogShaderCompilers: Display: Worker (2/5): shaders left to compile 10
[2021.01.30-12.38.00:704][508]LogShaderCompilers: Display: Worker (1/5): shaders left to compile 9
[2021.01.30-12.38.00:704][508]LogShaderCompilers: Display: Worker (4/5): shaders left to compile 8
[2021.01.30-12.38.00:704][508]LogShaderCompilers: Display: Worker (3/5): shaders left to compile 7
[2021.01.30-12.38.00:704][508]LogShaderCompilers: Display: Worker (1/5): shaders left to compile 6
[2021.01.30-12.38.00:704][508]LogShaderCompilers: Display: Worker (2/5): shaders left to compile 5
[2021.01.30-12.38.00:704][508]LogShaderCompilers: Display: Worker (3/5): shaders left to compile 4
[2021.01.30-12.38.00:704][508]LogShaderCompilers: Display: Worker (4/5): shaders left to compile 3
[2021.01.30-12.38.00:704][508]LogShaderCompilers: Display: Worker (2/5): shaders left to compile 2
[2021.01.30-12.38.00:704][508]LogShaderCompilers: Display: Worker (1/5): shaders left to compile 1
[2021.01.30-12.38.00:704][508]TextureStreamingBuild: Display: Compiling optional shaders took 5.747 seconds.
[2021.01.30-12.38.00:771][508]LogLevel: Display: Export Material TexCoord Scales took 0.066 seconds.
[2021.01.30-12.38.00:777][508]TextureStreamingBuild: Display: Build Texture Streaming took 0.006 seconds.
[2021.01.30-12.38.00:936][508]LogUObjectHash: Compacting FUObjectHashTables data took   2.13ms
[2021.01.30-12.38.00:974][508]LightingResults: New page: Lighting Build - 30 Jan 2021, 12:38:00
[2021.01.30-12.38.01:374][508]LogSwarmInterface: [OpenConnection] Registering TCP channel ...
[2021.01.30-12.38.01:879][508]LogSwarmInterface: [OpenConnection] Connecting to agent ...
[2021.01.30-12.38.01:996][508]LogSwarmInterface: [TryOpenConnection] Testing the Agent
[2021.01.30-12.38.03:962][508]LogSwarmInterface: [TryOpenConnection] Opening Connection to Agent
[2021.01.30-12.38.03:963][508]LogSwarmInterface: [TryOpenConnection] Local Process ID is 10156
[2021.01.30-12.38.08:731][508]LogStaticLightingSystem: Running Lightmass w/ ImmediateImport mode ENABLED
[2021.01.30-12.38.08:731][508]LogStaticLightingSystem: Running Lightmass w/ ImmediateProcess mode ENABLED
[2021.01.30-12.38.08:732][508]LogStaticLightingSystem: Running Lightmass w/ Sorting mode ENABLED
[2021.01.30-12.38.08:732][508]LogStaticLightingSystem: Running Lightmass w/ Mapping paddings ENABLED
[2021.01.30-12.38.08:732][508]LogStaticLightingSystem: Running Lightmass w/ Mapping debug paddings DISABLED
[2021.01.30-12.38.09:583][508]Cmd: MAP CHECK DONTDISPLAYDIALOG
[2021.01.30-12.38.09:583][508]MapCheck: New page: Second_SaveMap - 30 Jan 2021, 12:38:09
[2021.01.30-12.38.09:584][508]MapCheck: Error: WorldInfo_0 Maps need lighting rebuilt 
[2021.01.30-12.38.09:585][508]MapCheck: Map check complete: 1 Error(s), 0 Warning(s), took 1.691ms to complete.
[2021.01.30-12.38.09:633][508]LogEditorBuildUtils: Build time 0:15
[2021.01.30-12.38.10:388][509]LogMaterial: Display: Missing cached shader map for material FLightmassMaterialRenderer M_Basic_Wall, compiling. 
[2021.01.30-12.38.10:417][509]LogShaderCompilers: Display: Worker (1/5): shaders left to compile 2
[2021.01.30-12.38.10:417][509]LogShaderCompilers: Display: Worker (2/5): shaders left to compile 1
[2021.01.30-12.38.10:417][509]LogMaterial: Display: Missing cached shader map for material FLightmassMaterialRenderer M_Basic_Wall, compiling. 
[2021.01.30-12.38.10:472][509]LogShaderCompilers: Display: Worker (3/5): shaders left to compile 2
[2021.01.30-12.38.10:472][509]LogShaderCompilers: Display: Worker (4/5): shaders left to compile 1
[2021.01.30-12.38.10:520][510]LogMaterial: Display: Missing cached shader map for material FLightmassMaterialRenderer M_Metal_Chrome, compiling. 
[2021.01.30-12.38.10:552][510]LogMaterial: Display: Missing cached shader map for material FLightmassMaterialRenderer M_Metal_Chrome, compiling. 
[2021.01.30-12.38.11:857][512]LogShaderCompilers: Display: Worker (2/5): shaders left to compile 4
[2021.01.30-12.38.11:857][512]LogShaderCompilers: Display: Worker (4/5): shaders left to compile 2
[2021.01.30-12.38.11:857][512]LogShaderCompilers: Display: Worker (1/5): shaders left to compile 1
[2021.01.30-12.38.12:623][518]LogUObjectHash: Compacting FUObjectHashTables data took   2.18ms
[2021.01.30-12.40.19:330][649]LogEditorViewport: Clicking on Actor (LMB): Controllable_light_C (Controllable_light3)
[2021.01.30-12.41.24:025][360]Job is a success!
[2021.01.30-12.41.24:620][361]LogVolumetricLightmapImport: Imported Volumetric Lightmap in 0.034s
[2021.01.30-12.41.24:621][361]LogVolumetricLightmapImport:      Indirection Texture 16x16x16 = 0.0Mb
[2021.01.30-12.41.24:621][361]LogVolumetricLightmapImport:      BrickData (all levels) 0.3Mb (trimmed 0.0Mb due to 0.010000 MinBrickError)
[2021.01.30-12.41.24:621][361]LogVolumetricLightmapImport:      Bricks at depth
[2021.01.30-12.41.24:621][361]LogVolumetricLightmapImport:          0: 1.8% covering 100.0% of volume
[2021.01.30-12.41.24:621][361]LogVolumetricLightmapImport:          1: 7.0% covering 6.3% of volume
[2021.01.30-12.41.24:621][361]LogVolumetricLightmapImport:          2: 91.2% covering 1.3% of volume
[2021.01.30-12.41.24:621][361]LogVolumetricLightmapImport:      Bricks in each level
[2021.01.30-12.41.24:621][361]LogVolumetricLightmapImport:          Second_SaveMap 			 57 bricks 	 100.0% (Persistent Level)
[2021.01.30-12.41.27:458][361]LightingResults: Warning: Controllable_light8_69 Severe performance loss: Failed to allocate shadowmap channel for stationary light due to overlap - light will fall back to dynamic shadows!
[2021.01.30-12.41.27:458][361]LightingResults: Warning: Controllable_light18 Severe performance loss: Failed to allocate shadowmap channel for stationary light due to overlap - light will fall back to dynamic shadows!
[2021.01.30-12.41.27:458][361]LightingResults: Warning: Controllable_light5 Severe performance loss: Failed to allocate shadowmap channel for stationary light due to overlap - light will fall back to dynamic shadows!
[2021.01.30-12.41.27:458][361]LightingResults: Warning: Controllable_light2_63 Severe performance loss: Failed to allocate shadowmap channel for stationary light due to overlap - light will fall back to dynamic shadows!
[2021.01.30-12.41.27:458][361]LightingResults: Warning: Controllable_light7 Severe performance loss: Failed to allocate shadowmap channel for stationary light due to overlap - light will fall back to dynamic shadows!
[2021.01.30-12.41.27:458][361]LightingResults: Warning: Controllable_light20 Severe performance loss: Failed to allocate shadowmap channel for stationary light due to overlap - light will fall back to dynamic shadows!
[2021.01.30-12.41.27:458][361]LightingResults: Warning: Controllable_light9 Severe performance loss: Failed to allocate shadowmap channel for stationary light due to overlap - light will fall back to dynamic shadows!
[2021.01.30-12.41.27:458][361]LightingResults: Warning: Controllable_light26 Severe performance loss: Failed to allocate shadowmap channel for stationary light due to overlap - light will fall back to dynamic shadows!
[2021.01.30-12.41.27:458][361]LightingResults: Warning: Controllable_light17 Severe performance loss: Failed to allocate shadowmap channel for stationary light due to overlap - light will fall back to dynamic shadows!
[2021.01.30-12.41.27:458][361]LightingResults: Warning: Controllable_light28 Severe performance loss: Failed to allocate shadowmap channel for stationary light due to overlap - light will fall back to dynamic shadows!
[2021.01.30-12.41.27:459][361]LightingResults: Warning: Controllable_light4_65 Severe performance loss: Failed to allocate shadowmap channel for stationary light due to overlap - light will fall back to dynamic shadows!
[2021.01.30-12.41.27:459][361]LightingResults: Warning: Controllable_light14 Severe performance loss: Failed to allocate shadowmap channel for stationary light due to overlap - light will fall back to dynamic shadows!
[2021.01.30-12.41.27:459][361]LightingResults: Warning: Controllable_light48 Severe performance loss: Failed to allocate shadowmap channel for stationary light due to overlap - light will fall back to dynamic shadows!
[2021.01.30-12.41.27:459][361]LightingResults: Warning: Controllable_light31 Severe performance loss: Failed to allocate shadowmap channel for stationary light due to overlap - light will fall back to dynamic shadows!
[2021.01.30-12.41.27:459][361]LightingResults: Warning: Controllable_light41 Severe performance loss: Failed to allocate shadowmap channel for stationary light due to overlap - light will fall back to dynamic shadows!
[2021.01.30-12.41.27:459][361]LightingResults: Warning: Controllable_light35 Severe performance loss: Failed to allocate shadowmap channel for stationary light due to overlap - light will fall back to dynamic shadows!
[2021.01.30-12.41.27:459][361]LightingResults: Warning: Controllable_light52 Severe performance loss: Failed to allocate shadowmap channel for stationary light due to overlap - light will fall back to dynamic shadows!
[2021.01.30-12.41.27:459][361]LightingResults: Warning: Controllable_light54 Severe performance loss: Failed to allocate shadowmap channel for stationary light due to overlap - light will fall back to dynamic shadows!
[2021.01.30-12.41.27:459][361]LightingResults: Warning: Controllable_light10_71 Severe performance loss: Failed to allocate shadowmap channel for stationary light due to overlap - light will fall back to dynamic shadows!
[2021.01.30-12.41.27:459][361]LightingResults: Warning: Controllable_light21 Severe performance loss: Failed to allocate shadowmap channel for stationary light due to overlap - light will fall back to dynamic shadows!
[2021.01.30-12.41.27:460][361]LightingResults: Warning: Controllable_light37 Severe performance loss: Failed to allocate shadowmap channel for stationary light due to overlap - light will fall back to dynamic shadows!
[2021.01.30-12.41.27:460][361]LightingResults: Warning: Controllable_light15 Severe performance loss: Failed to allocate shadowmap channel for stationary light due to overlap - light will fall back to dynamic shadows!
[2021.01.30-12.41.27:460][361]LightingResults: Warning: Controllable_light12_73 Severe performance loss: Failed to allocate shadowmap channel for stationary light due to overlap - light will fall back to dynamic shadows!
[2021.01.30-12.41.27:460][361]LightingResults: Warning: Controllable_light43 Severe performance loss: Failed to allocate shadowmap channel for stationary light due to overlap - light will fall back to dynamic shadows!
[2021.01.30-12.41.27:460][361]LightingResults: Warning: Controllable_light60 Severe performance loss: Failed to allocate shadowmap channel for stationary light due to overlap - light will fall back to dynamic shadows!
[2021.01.30-12.41.39:285][361]LogTexture: Display: Building textures: SkyOcclusion0_1 (AutoDXT, 2048X1024)
[2021.01.30-12.41.39:285][361]LogTexture: Display: Building textures: HQ_Lightmap0_1 (AutoDXT, 2048X2048)
[2021.01.30-12.41.39:285][361]LogTexture: Display: Building textures: SkyOcclusion0_2 (AutoDXT, 2048X1024)
[2021.01.30-12.41.39:286][361]LogTexture: Display: Building textures: LQ_Lightmap_0_1 (DXT1, 2048X2048)
[2021.01.30-12.41.39:286][361]LogTexture: Display: Building textures: LQ_Lightmap_0_2 (DXT1, 2048X2048)
[2021.01.30-12.41.39:286][361]LogTexture: Display: Building textures: HQ_Lightmap0_2 (AutoDXT, 2048X2048)
[2021.01.30-12.41.39:286][361]LogTexture: Display: Building textures: SkyOcclusion0_3 (AutoDXT, 2048X1024)
[2021.01.30-12.41.39:286][361]LogTexture: Display: Building textures: HQ_Lightmap0_3 (AutoDXT, 2048X2048)
[2021.01.30-12.41.39:286][361]LogTexture: Display: Building textures: LQ_Lightmap_0_3 (DXT1, 2048X2048)
[2021.01.30-12.41.39:286][361]LogTexture: Display: Building textures: SkyOcclusion0_4 (AutoDXT, 2048X1024)
[2021.01.30-12.41.39:286][361]LogTexture: Display: Building textures: HQ_Lightmap0_4 (AutoDXT, 2048X2048)
[2021.01.30-12.41.39:286][361]LogTexture: Display: Building textures: SkyOcclusion0_5 (AutoDXT, 2048X1024)
[2021.01.30-12.41.39:286][361]LogTexture: Display: Building textures: LQ_Lightmap_0_4 (DXT1, 2048X2048)
[2021.01.30-12.41.39:286][361]LogTexture: Display: Building textures: HQ_Lightmap0_5 (AutoDXT, 2048X2048)
[2021.01.30-12.41.39:286][361]LogTexture: Display: Building textures: LQ_Lightmap_0_5 (DXT1, 2048X2048)
[2021.01.30-12.41.39:286][361]LogTexture: Display: Building textures: SkyOcclusion0_6 (AutoDXT, 2048X1024)
[2021.01.30-12.41.39:286][361]LogTexture: Display: Building textures: HQ_Lightmap0_6 (AutoDXT, 2048X2048)
[2021.01.30-12.41.39:286][361]LogTexture: Display: Building textures: LQ_Lightmap_0_6 (DXT1, 2048X2048)
[2021.01.30-12.41.39:286][361]LogTexture: Display: Building textures: SkyOcclusion0_7 (AutoDXT, 2048X1024)
[2021.01.30-12.41.39:286][361]LogTexture: Display: Building textures: HQ_Lightmap0_7 (AutoDXT, 2048X2048)
[2021.01.30-12.41.39:286][361]LogTexture: Display: Building textures: LQ_Lightmap_0_7 (DXT1, 2048X2048)
[2021.01.30-12.41.39:287][361]LogTexture: Display: Building textures: SkyOcclusion0_8 (AutoDXT, 2048X1024)
[2021.01.30-12.41.39:287][361]LogTexture: Display: Building textures: HQ_Lightmap0_8 (AutoDXT, 2048X2048)
[2021.01.30-12.41.39:287][361]LogTexture: Display: Building textures: LQ_Lightmap_0_8 (DXT1, 2048X2048)
[2021.01.30-12.41.39:287][361]LogTexture: Display: Building textures: SkyOcclusion0_9 (AutoDXT, 2048X1024)
[2021.01.30-12.41.39:287][361]LogTexture: Display: Building textures: HQ_Lightmap0_9 (AutoDXT, 2048X2048)
[2021.01.30-12.41.39:287][361]LogTexture: Display: Building textures: LQ_Lightmap_0_9 (DXT1, 2048X2048)
[2021.01.30-12.41.39:287][361]LogTexture: Display: Building textures: SkyOcclusion0_10 (AutoDXT, 2048X1024)
[2021.01.30-12.41.39:287][361]LogTexture: Display: Building textures: HQ_Lightmap0_10 (AutoDXT, 2048X2048)
[2021.01.30-12.41.39:287][361]LogTexture: Display: Building textures: LQ_Lightmap_0_10 (DXT1, 2048X2048)
[2021.01.30-12.41.39:287][361]LogTexture: Display: Building textures: SkyOcclusion0_11 (AutoDXT, 1024X512)
[2021.01.30-12.41.39:287][361]LogTexture: Display: Building textures: HQ_Lightmap0_11 (AutoDXT, 1024X1024)
[2021.01.30-12.41.39:287][361]LogTexture: Display: Building textures: LQ_Lightmap_0_11 (DXT1, 1024X1024)
[2021.01.30-12.41.39:287][361]LogTexture: Display: Building textures: SkyOcclusion0_12 (AutoDXT, 64X32)
[2021.01.30-12.41.39:287][361]LogTexture: Display: Building textures: LQ_Lightmap_0_12 (DXT1, 64X64)
[2021.01.30-12.41.39:287][361]LogTexture: Display: Building textures: HQ_Lightmap0_12 (AutoDXT, 64X64)
[2021.01.30-12.41.39:886][361]LogTexture: Display: Building textures: ShadowMapTexture2D_0 (BGRA8, 1024X1024)
[2021.01.30-12.41.40:144][361]LogTexture: Display: Building textures: ShadowMapTexture2D_2 (BGRA8, 1024X1024)
[2021.01.30-12.41.40:287][361]LogTexture: Display: Building textures: ShadowMapTexture2D_3 (BGRA8, 1024X1024)
[2021.01.30-12.41.40:485][361]LogTexture: Display: Building textures: ShadowMapTexture2D_6 (G8, 1024X1024)
[2021.01.30-12.41.40:485][361]LogTexture: Display: Building textures: ShadowMapTexture2D_5 (BGRA8, 1024X1024)
[2021.01.30-12.41.40:687][361]LogTexture: Display: Building textures: ShadowMapTexture2D_4 (BGRA8, 1024X1024)
[2021.01.30-12.41.40:687][361]LogTexture: Display: Building textures: ShadowMapTexture2D_1 (BGRA8, 1024X1024)
[2021.01.30-12.41.40:887][361]LogTexture: Display: Building textures: ShadowMapTexture2D_7 (BGRA8, 1024X1024)
[2021.01.30-12.41.41:086][361]LogTexture: Display: Building textures: ShadowMapTexture2D_10 (G8, 1024X1024)
[2021.01.30-12.41.41:087][361]LogTexture: Display: Building textures: ShadowMapTexture2D_9 (BGRA8, 1024X1024)
[2021.01.30-12.41.41:087][361]LogTexture: Display: Building textures: ShadowMapTexture2D_8 (BGRA8, 1024X1024)
[2021.01.30-12.41.41:286][361]LogTexture: Display: Building textures: ShadowMapTexture2D_12 (BGRA8, 1024X1024)
[2021.01.30-12.41.41:287][361]LogTexture: Display: Building textures: ShadowMapTexture2D_11 (BGRA8, 1024X1024)
[2021.01.30-12.41.41:685][361]LogTexture: Display: Building textures: ShadowMapTexture2D_21 (G8, 32X32)
[2021.01.30-12.41.41:685][361]LogTexture: Display: Building textures: ShadowMapTexture2D_14 (G8, 1024X1024)
[2021.01.30-12.41.41:685][361]LogTexture: Display: Building textures: ShadowMapTexture2D_13 (BGRA8, 1024X1024)
[2021.01.30-12.41.41:685][361]LogTexture: Display: Building textures: ShadowMapTexture2D_15 (BGRA8, 1024X1024)
[2021.01.30-12.41.41:887][361]LogTexture: Display: Building textures: ShadowMapTexture2D_16 (BGRA8, 1024X1024)
[2021.01.30-12.41.41:887][361]LogTexture: Display: Building textures: ShadowMapTexture2D_20 (BGRA8, 1024X256)
[2021.01.30-12.41.41:887][361]LogTexture: Display: Building textures: ShadowMapTexture2D_17 (BGRA8, 1024X1024)
[2021.01.30-12.41.41:887][361]LogTexture: Display: Building textures: ShadowMapTexture2D_18 (BGRA8, 1024X1024)
[2021.01.30-12.41.42:533][361]LogTexture: Display: Building textures: ShadowMapTexture2D_19 (BGRA8, 1024X1024)
[2021.01.30-12.41.42:533][361]Lightmass on KUSUNAGI: 3:27 min total, 418 ms importing, 30 ms setup, 26.5 sec photons, 2:59 min processing, 0 ms extra exporting [309/309 mappings]. Threads: 20:59 min total, 12:47 min processing.
[2021.01.30-12.41.42:536][361]LogStaticLightingSystem: Second_SaveMap_BuiltData storing lightmap data for 309 meshes in 22 LightmapResourceClusters (14.0 Meshes per cluster).
[2021.01.30-12.41.42:710][361]LogUObjectHash: Compacting FUObjectHashTables data took   3.02ms
[2021.01.30-12.41.42:831][361]LogStaticLightingSystem: Illumination: 3:41 min (11.7 sec encoding lightmaps, 2.71 sec encoding shadowmaps)
[2021.01.30-12.41.42:831][361]LogStaticLightingSystem: Lightmap texture memory:  109.3 MB (109.3 MB streaming, 0.0 MB non-streaming), 24 textures
[2021.01.30-12.41.42:831][361]LogStaticLightingSystem: Shadowmap texture memory: 96.0 MB (96.0 MB streaming, 0.0 MB non-streaming), 22 textures
[2021.01.30-12.41.51:805][361]DumpUnbuiltLightIteractions
[2021.01.30-12.41.51:805][361]Lights with unbuilt interactions: 0
[2021.01.30-12.41.51:805][361]
[2021.01.30-12.41.51:805][361]Primitives with unbuilt interactions: 0
[2021.01.30-12.41.52:148][362]Cmd: MAP CHECK NOTIFYRESULTS
[2021.01.30-12.41.52:148][362]MapCheck: New page: Second_SaveMap - 30 Jan 2021, 12:41:52
[2021.01.30-12.41.52:150][362]MapCheck: Map check complete: 0 Error(s), 0 Warning(s), took 1.391ms to complete.
[2021.01.30-12.43.00:720][659]LogUObjectHash: Compacting FUObjectHashTables data took   7.25ms
[2021.01.30-12.43.01:690][659]LogSavePackage: Moving '../../../../../../Users/User/Documents/Unreal Projects/GlobalGameJam2021/GlobalGameJam2021/Saved/Second_SaveMapF3204BBC4CC4992612C0A0BBFD935A08.tmp' to '../../../../../../Users/User/Documents/Unreal Projects/GlobalGameJam2021/GlobalGameJam2021/Content/Second_SaveMap.umap'
[2021.01.30-12.43.05:626][659]LogSavePackage: Moving '../../../../../../Users/User/Documents/Unreal Projects/GlobalGameJam2021/GlobalGameJam2021/Saved/Second_SaveMap_BuiltData6DE018664575B36745D5698601C1026B.tmp' to '../../../../../../Users/User/Documents/Unreal Projects/GlobalGameJam2021/GlobalGameJam2021/Content/Second_SaveMap_BuiltData.uasset'
[2021.01.30-12.43.05:682][659]AssetCheck: New page: Asset Save: multiple assets
[2021.01.30-12.43.05:682][659]LogContentValidation: Display: Validating World /Game/Second_SaveMap.Second_SaveMap
[2021.01.30-12.43.05:682][659]LogContentValidation: Display: Validating MapBuildDataRegistry /Game/Second_SaveMap_BuiltData.Second_SaveMap_BuiltData
[2021.01.30-12.43.07:617][725]LogSlate: Window 'Message Log' being destroyed
[2021.01.30-12.43.07:617][725]LogSlate: Window 'Message Log' being destroyed
[2021.01.30-12.43.07:777][725]LogUObjectHash: Compacting FUObjectHashTables data took   7.20ms
[2021.01.30-12.43.07:953][725]LogSlate: Window 'GlobalGameJam2021 - Unreal Editor' being destroyed
[2021.01.30-12.43.08:244][726]Cmd: QUIT_EDITOR
[2021.01.30-12.43.08:244][726]LogCore: Engine exit requested (reason: UUnrealEdEngine::CloseEditor())
[2021.01.30-12.43.08:307][726]LogCore: Engine exit requested (reason: EngineExit() was called; note: exit was already requested)
[2021.01.30-12.43.08:307][726]LogAudioMixer: Display: No commands were queued while flushing the source manager.
